#
# There is insufficient memory for the Java Runtime Environment to continue.
# Native memory allocation (mmap) failed to map 65536 bytes for Failed to commit metaspace.
# Possible reasons:
#   The system is out of physical RAM or swap space
#   The process is running with CompressedOops enabled, and the Java Heap may be blocking the growth of the native heap
# Possible solutions:
#   Reduce memory load on the system
#   Increase physical memory or swap space
#   Check if swap backing store is full
#   Decrease Java heap size (-Xmx/-Xms)
#   Decrease number of Java threads
#   Decrease Java thread stack sizes (-Xss)
#   Set larger code cache with -XX:ReservedCodeCacheSize=
#   JVM is running with Unscaled Compressed Oops mode in which the Java heap is
#     placed in the first 4GB address space. The Java Heap base address is the
#     maximum limit for the native heap growth. Please use -XX:HeapBaseMinAddress
#     to set the Java Heap base and to place the Java Heap above 4GB virtual address.
# This output file may be truncated or incomplete.
#
#  Out of Memory Error (virtualSpaceNode.cpp:112), pid=15592, tid=7080
#
# JRE version: Java(TM) SE Runtime Environment (21.0.2+13) (build 21.0.2+13-LTS-58)
# Java VM: Java HotSpot(TM) 64-Bit Server VM (21.0.2+13-LTS-58, mixed mode, sharing, tiered, compressed oops, compressed class ptrs, g1 gc, windows-amd64)
# No core dump will be written. Minidumps are not enabled by default on client versions of Windows
#

---------------  S U M M A R Y ------------

Command Line: sistemaEmprestimoGUI.registroEmprestimo

Host: AMD Ryzen 5 7520U with Radeon Graphics         , 8 cores, 7G,  Windows 11 , 64 bit Build 22621 (10.0.22621.3527)
Time: Mon May 20 00:23:50 2024 Hora oficial do Brasil elapsed time: 0.925897 seconds (0d 0h 0m 0s)

---------------  T H R E A D  ---------------

Current thread (0x000002477cc322e0):  JavaThread "AWT-EventQueue-0"        [_thread_in_vm, id=7080, stack(0x0000006c90100000,0x0000006c90200000) (1024K)]

Stack: [0x0000006c90100000,0x0000006c90200000]
Native frames: (J=compiled Java code, j=interpreted, Vv=VM code, C=native code)
V  [jvm.dll+0x6cade9]
V  [jvm.dll+0x8569c1]
V  [jvm.dll+0x858d2e]
V  [jvm.dll+0x859413]
V  [jvm.dll+0x280e56]
V  [jvm.dll+0x8526ee]
V  [jvm.dll+0x66e705]
V  [jvm.dll+0x66e76a]
V  [jvm.dll+0x670f96]
V  [jvm.dll+0x670e62]
V  [jvm.dll+0x66f0de]
V  [jvm.dll+0x26c721]
V  [jvm.dll+0x218617]
V  [jvm.dll+0x20dd9e]
V  [jvm.dll+0x5ad3dc]
V  [jvm.dll+0x21f76a]
V  [jvm.dll+0x7cec21]
V  [jvm.dll+0x7cfc85]
V  [jvm.dll+0x7d022f]
V  [jvm.dll+0x7cfed8]
V  [jvm.dll+0x26ed7b]
V  [jvm.dll+0x3d3c0e]
C  0x000002476faea7ff

The last pc belongs to new (printed below).
Java frames: (J=compiled Java code, j=interpreted, Vv=VM code)
j  javax.swing.GroupLayout.getComponentInfo(Ljava/awt/Component;)Ljavax/swing/GroupLayout$ComponentInfo;+18 java.desktop@21.0.2
j  javax.swing.GroupLayout$ComponentSpring.<init>(Ljavax/swing/GroupLayout;Ljava/awt/Component;III)V+61 java.desktop@21.0.2
j  javax.swing.GroupLayout$Group.addComponent(Ljava/awt/Component;III)Ljavax/swing/GroupLayout$Group;+14 java.desktop@21.0.2
j  javax.swing.GroupLayout$ParallelGroup.addComponent(Ljava/awt/Component;III)Ljavax/swing/GroupLayout$ParallelGroup;+6 java.desktop@21.0.2
j  javax.swing.GroupLayout$ParallelGroup.addComponent(Ljava/awt/Component;III)Ljavax/swing/GroupLayout$Group;+6 java.desktop@21.0.2
j  javax.swing.GroupLayout$Group.addComponent(Ljava/awt/Component;)Ljavax/swing/GroupLayout$Group;+5 java.desktop@21.0.2
j  javax.swing.GroupLayout$ParallelGroup.addComponent(Ljava/awt/Component;)Ljavax/swing/GroupLayout$ParallelGroup;+2 java.desktop@21.0.2
j  sistemaEmprestimoGUI.registroEmprestimo.initComponents()V+311
j  sistemaEmprestimoGUI.registroEmprestimo.<init>()V+5
j  sistemaEmprestimoGUI.registroEmprestimo$3.run()V+4
j  java.awt.event.InvocationEvent.dispatch()V+47 java.desktop@21.0.2
j  java.awt.EventQueue.dispatchEventImpl(Ljava/awt/AWTEvent;Ljava/lang/Object;)V+21 java.desktop@21.0.2
j  java.awt.EventQueue$4.run()Ljava/lang/Void;+32 java.desktop@21.0.2
j  java.awt.EventQueue$4.run()Ljava/lang/Object;+1 java.desktop@21.0.2
j  java.security.AccessController.executePrivileged(Ljava/security/PrivilegedAction;Ljava/security/AccessControlContext;Ljava/lang/Class;)Ljava/lang/Object;+29 java.base@21.0.2
j  java.security.AccessController.doPrivileged(Ljava/security/PrivilegedAction;Ljava/security/AccessControlContext;)Ljava/lang/Object;+13 java.base@21.0.2
j  java.security.ProtectionDomain$JavaSecurityAccessImpl.doIntersectionPrivilege(Ljava/security/PrivilegedAction;Ljava/security/AccessControlContext;Ljava/security/AccessControlContext;)Ljava/lang/Object;+18 java.base@21.0.2
j  java.awt.EventQueue.dispatchEvent(Ljava/awt/AWTEvent;)V+46 java.desktop@21.0.2
j  java.awt.EventDispatchThread.pumpOneEventForFilters(I)V+81 java.desktop@21.0.2
j  java.awt.EventDispatchThread.pumpEventsForFilter(ILjava/awt/Conditional;Ljava/awt/EventFilter;)V+35 java.desktop@21.0.2
j  java.awt.EventDispatchThread.pumpEventsForHierarchy(ILjava/awt/Conditional;Ljava/awt/Component;)V+11 java.desktop@21.0.2
j  java.awt.EventDispatchThread.pumpEvents(ILjava/awt/Conditional;)V+4 java.desktop@21.0.2
j  java.awt.EventDispatchThread.pumpEvents(Ljava/awt/Conditional;)V+3 java.desktop@21.0.2
j  java.awt.EventDispatchThread.run()V+9 java.desktop@21.0.2
v  ~StubRoutines::call_stub 0x000002476fad100d
new  187 new  [0x000002476faea680, 0x000002476faea888]  520 bytes
[MachCode]
  0x000002476faea680: 4883 ec08 | c5fa 1104 | 24eb 1f48 | 83ec 10c5 | fb11 0424 | eb14 4883 | ec10 4889 | 0424 48c7 
  0x000002476faea6a0: 4424 0800 | 0000 00eb | 0150 410f | b755 010f | cac1 ea10 | 488b 4de8 | 488b 4908 | 488b 4908 
  0x000002476faea6c0: 488b 4108 | 807c 1004 | 070f 85d3 | 0000 0066 | 8b54 d148 | 488b 4928 | 488b 4cd1 | 0851 80b9 
  0x000002476faea6e0: 2001 0000 | 050f 85b6 | 0000 008b | 5108 f6c2 | 010f 85aa | 0000 0049 | 8b87 b801 | 0000 488d 
  0x000002476faea700: 1c10 493b | 9fc8 0100 | 000f 8792 | 0000 0049 | 899f b801 | 0000 4883 | ea10 0f84 | 0f00 0000 
  0x000002476faea720: 33c9 c1ea | 0348 894c | d008 48ff | ca75 f648 | c700 0100 | 0000 5933 | f689 700c | 49ba 0000 
  0x000002476faea740: 0000 4702 | 0000 492b | ca89 4808 | 49ba fa45 | 9a30 fb7f | 0000 4180 | 3a00 0f84 | 3c00 0000 
  0x000002476faea760: 5048 8bc8 | 4883 ec20 | 40f6 c40f | 0f84 1900 | 0000 4883 | ec08 48b8 | 8009 4b30 | fb7f 0000 
  0x000002476faea780: ffd0 4883 | c408 e90c | 0000 0048 | b880 094b | 30fb 7f00 | 00ff d048 | 83c4 2058 | e9cb 0000 
  0x000002476faea7a0: 0059 488b | 55e8 488b | 5208 488b | 5208 450f | b745 0141 | 0fc8 41c1 | e810 e805 | 0000 00e9 
  0x000002476faea7c0: a800 0000 | 488d 4424 | 084c 896d | c049 8bcf | c5f8 7749 | 89af a803 | 0000 4989 | 8798 0300 
  0x000002476faea7e0: 0048 83ec | 2040 f6c4 | 0f0f 8419 | 0000 0048 | 83ec 0848 | b8c0 3b15 | 30fb 7f00 | 00ff d048 
  0x000002476faea800: 83c4 08e9 | 0c00 0000 | 48b8 c03b | 1530 fb7f | 0000 ffd0 | 4883 c420 | 49c7 8798 | 0300 0000 
  0x000002476faea820: 0000 0049 | c787 a803 | 0000 0000 | 0000 49c7 | 87a0 0300 | 0000 0000 | 00c5 f877 | 4983 7f08 
  0x000002476faea840: 000f 8405 | 0000 00e9 | b466 feff | 498b 87f0 | 0300 0049 | c787 f003 | 0000 0000 | 0000 4c8b 
  0x000002476faea860: 6dc0 4c8b | 75c8 4e8d | 74f5 00c3 | 410f b65d | 0349 83c5 | 0349 ba00 | 079d 30fb | 7f00 0041 
  0x000002476faea880: ff24 da0f | 1f44 0000 
[/MachCode]

---------------  P R O C E S S  ---------------

Threads class SMR info:
_java_thread_list=0x000002477ca3f430, length=15, elements={
0x000002477c720420, 0x000002477c7212f0, 0x000002477c727180, 0x000002477c729bf0,
0x000002477c72a800, 0x000002477c72b410, 0x000002477c72df00, 0x000002477c75a390,
0x000002477ca15d40, 0x000002477ca1afc0, 0x000002477cbac150, 0x000002477cbba300,
0x000002477cbc2980, 0x000002477cc322e0, 0x000002475e0914a0
}

Java Threads: ( => current thread )
  0x000002477c720420 JavaThread "Reference Handler"          daemon [_thread_blocked, id=1128, stack(0x0000006c8f400000,0x0000006c8f500000) (1024K)]
  0x000002477c7212f0 JavaThread "Finalizer"                  daemon [_thread_blocked, id=10824, stack(0x0000006c8f500000,0x0000006c8f600000) (1024K)]
  0x000002477c727180 JavaThread "Signal Dispatcher"          daemon [_thread_blocked, id=8000, stack(0x0000006c8f600000,0x0000006c8f700000) (1024K)]
  0x000002477c729bf0 JavaThread "Attach Listener"            daemon [_thread_blocked, id=21976, stack(0x0000006c8f700000,0x0000006c8f800000) (1024K)]
  0x000002477c72a800 JavaThread "Service Thread"             daemon [_thread_blocked, id=2292, stack(0x0000006c8f800000,0x0000006c8f900000) (1024K)]
  0x000002477c72b410 JavaThread "Monitor Deflation Thread"   daemon [_thread_blocked, id=20600, stack(0x0000006c8f900000,0x0000006c8fa00000) (1024K)]
  0x000002477c72df00 JavaThread "C2 CompilerThread0"         daemon [_thread_blocked, id=16748, stack(0x0000006c8fa00000,0x0000006c8fb00000) (1024K)]
  0x000002477c75a390 JavaThread "C1 CompilerThread0"         daemon [_thread_blocked, id=19096, stack(0x0000006c8fb00000,0x0000006c8fc00000) (1024K)]
  0x000002477ca15d40 JavaThread "Notification Thread"        daemon [_thread_blocked, id=4536, stack(0x0000006c8fc00000,0x0000006c8fd00000) (1024K)]
  0x000002477ca1afc0 JavaThread "Common-Cleaner"             daemon [_thread_blocked, id=1284, stack(0x0000006c8fd00000,0x0000006c8fe00000) (1024K)]
  0x000002477cbac150 JavaThread "Java2D Disposer"            daemon [_thread_blocked, id=24928, stack(0x0000006c8fe00000,0x0000006c8ff00000) (1024K)]
  0x000002477cbba300 JavaThread "AWT-Shutdown"                      [_thread_blocked, id=14620, stack(0x0000006c8ff00000,0x0000006c90000000) (1024K)]
  0x000002477cbc2980 JavaThread "AWT-Windows"                daemon [_thread_in_native, id=22576, stack(0x0000006c90000000,0x0000006c90100000) (1024K)]
=>0x000002477cc322e0 JavaThread "AWT-EventQueue-0"                  [_thread_in_vm, id=7080, stack(0x0000006c90100000,0x0000006c90200000) (1024K)]
  0x000002475e0914a0 JavaThread "DestroyJavaVM"                     [_thread_blocked, id=22660, stack(0x0000006c8ec00000,0x0000006c8ed00000) (1024K)]
Total: 15

Other Threads:
  0x000002477c7020c0 VMThread "VM Thread"                           [id=10600, stack(0x0000006c8f300000,0x0000006c8f400000) (1024K)]
  0x000002477c6ea8d0 WatcherThread "VM Periodic Task Thread"        [id=11084, stack(0x0000006c8f200000,0x0000006c8f300000) (1024K)]
  0x0000024760189c20 WorkerThread "GC Thread#0"                     [id=852, stack(0x0000006c8ed00000,0x0000006c8ee00000) (1024K)]
  0x00000247601992d0 ConcurrentGCThread "G1 Main Marker"            [id=11372, stack(0x0000006c8ee00000,0x0000006c8ef00000) (1024K)]
  0x000002476019a0e0 WorkerThread "G1 Conc#0"                       [id=8868, stack(0x0000006c8ef00000,0x0000006c8f000000) (1024K)]
  0x00000247601f6470 ConcurrentGCThread "G1 Refine#0"               [id=5632, stack(0x0000006c8f000000,0x0000006c8f100000) (1024K)]
  0x00000247601f75e0 ConcurrentGCThread "G1 Service"                [id=25028, stack(0x0000006c8f100000,0x0000006c8f200000) (1024K)]
Total: 7

Threads with active compile tasks:
Total: 0

VM state: not at safepoint (normal execution)

VM Mutex/Monitor currently owned by a thread:  ([mutex/lock_event])
[0x00007ffb309bace8] Metaspace_lock - owner thread: 0x000002477cc322e0

Heap address: 0x000000008c200000, size: 1854 MB, Compressed Oops mode: 32-bit

CDS archive(s) mapped at: [0x0000024700000000-0x0000024700c90000-0x0000024700c90000), size 13172736, SharedBaseAddress: 0x0000024700000000, ArchiveRelocationMode: 1.
Compressed class space mapped at: 0x0000024701000000-0x0000024741000000, reserved size: 1073741824
Narrow klass base: 0x0000024700000000, Narrow klass shift: 0, Narrow klass range: 0x100000000

GC Precious Log:
 CardTable entry size: 512
 Card Set container configuration: InlinePtr #cards 5 size 8 Array Of Cards #cards 12 size 40 Howl #buckets 4 coarsen threshold 1843 Howl Bitmap #cards 512 size 80 coarsen threshold 460 Card regions per heap region 1 cards per card region 2048
 CPUs: 8 total, 8 available
 Memory: 7413M
 Large Page Support: Disabled
 NUMA Support: Disabled
 Compressed Oops: Enabled (32-bit)
 Heap Region Size: 1M
 Heap Min Capacity: 8M
 Heap Initial Capacity: 116M
 Heap Max Capacity: 1854M
 Pre-touch: Disabled
 Parallel Workers: 8
 Concurrent Workers: 2
 Concurrent Refinement Workers: 8
 Periodic GC: Disabled

Heap:
 garbage-first heap   total 118784K, used 7168K [0x000000008c200000, 0x0000000100000000)
  region size 1024K, 8 young (8192K), 0 survivors (0K)
 Metaspace       used 8730K, committed 8896K, reserved 1114112K
  class space    used 1022K, committed 1088K, reserved 1048576K

Heap Regions: E=young(eden), S=young(survivor), O=old, HS=humongous(starts), HC=humongous(continues), CS=collection set, F=free, TAMS=top-at-mark-start, PB=parsable bottom
|   0|0x000000008c200000, 0x000000008c200000, 0x000000008c300000|  0%| F|  |TAMS 0x000000008c200000| PB 0x000000008c200000| Untracked 
|   1|0x000000008c300000, 0x000000008c300000, 0x000000008c400000|  0%| F|  |TAMS 0x000000008c300000| PB 0x000000008c300000| Untracked 
|   2|0x000000008c400000, 0x000000008c400000, 0x000000008c500000|  0%| F|  |TAMS 0x000000008c400000| PB 0x000000008c400000| Untracked 
|   3|0x000000008c500000, 0x000000008c500000, 0x000000008c600000|  0%| F|  |TAMS 0x000000008c500000| PB 0x000000008c500000| Untracked 
|   4|0x000000008c600000, 0x000000008c600000, 0x000000008c700000|  0%| F|  |TAMS 0x000000008c600000| PB 0x000000008c600000| Untracked 
|   5|0x000000008c700000, 0x000000008c700000, 0x000000008c800000|  0%| F|  |TAMS 0x000000008c700000| PB 0x000000008c700000| Untracked 
|   6|0x000000008c800000, 0x000000008c800000, 0x000000008c900000|  0%| F|  |TAMS 0x000000008c800000| PB 0x000000008c800000| Untracked 
|   7|0x000000008c900000, 0x000000008c900000, 0x000000008ca00000|  0%| F|  |TAMS 0x000000008c900000| PB 0x000000008c900000| Untracked 
|   8|0x000000008ca00000, 0x000000008ca00000, 0x000000008cb00000|  0%| F|  |TAMS 0x000000008ca00000| PB 0x000000008ca00000| Untracked 
|   9|0x000000008cb00000, 0x000000008cb00000, 0x000000008cc00000|  0%| F|  |TAMS 0x000000008cb00000| PB 0x000000008cb00000| Untracked 
|  10|0x000000008cc00000, 0x000000008cc00000, 0x000000008cd00000|  0%| F|  |TAMS 0x000000008cc00000| PB 0x000000008cc00000| Untracked 
|  11|0x000000008cd00000, 0x000000008cd00000, 0x000000008ce00000|  0%| F|  |TAMS 0x000000008cd00000| PB 0x000000008cd00000| Untracked 
|  12|0x000000008ce00000, 0x000000008ce00000, 0x000000008cf00000|  0%| F|  |TAMS 0x000000008ce00000| PB 0x000000008ce00000| Untracked 
|  13|0x000000008cf00000, 0x000000008cf00000, 0x000000008d000000|  0%| F|  |TAMS 0x000000008cf00000| PB 0x000000008cf00000| Untracked 
|  14|0x000000008d000000, 0x000000008d000000, 0x000000008d100000|  0%| F|  |TAMS 0x000000008d000000| PB 0x000000008d000000| Untracked 
|  15|0x000000008d100000, 0x000000008d100000, 0x000000008d200000|  0%| F|  |TAMS 0x000000008d100000| PB 0x000000008d100000| Untracked 
|  16|0x000000008d200000, 0x000000008d200000, 0x000000008d300000|  0%| F|  |TAMS 0x000000008d200000| PB 0x000000008d200000| Untracked 
|  17|0x000000008d300000, 0x000000008d300000, 0x000000008d400000|  0%| F|  |TAMS 0x000000008d300000| PB 0x000000008d300000| Untracked 
|  18|0x000000008d400000, 0x000000008d400000, 0x000000008d500000|  0%| F|  |TAMS 0x000000008d400000| PB 0x000000008d400000| Untracked 
|  19|0x000000008d500000, 0x000000008d500000, 0x000000008d600000|  0%| F|  |TAMS 0x000000008d500000| PB 0x000000008d500000| Untracked 
|  20|0x000000008d600000, 0x000000008d600000, 0x000000008d700000|  0%| F|  |TAMS 0x000000008d600000| PB 0x000000008d600000| Untracked 
|  21|0x000000008d700000, 0x000000008d700000, 0x000000008d800000|  0%| F|  |TAMS 0x000000008d700000| PB 0x000000008d700000| Untracked 
|  22|0x000000008d800000, 0x000000008d800000, 0x000000008d900000|  0%| F|  |TAMS 0x000000008d800000| PB 0x000000008d800000| Untracked 
|  23|0x000000008d900000, 0x000000008d900000, 0x000000008da00000|  0%| F|  |TAMS 0x000000008d900000| PB 0x000000008d900000| Untracked 
|  24|0x000000008da00000, 0x000000008da00000, 0x000000008db00000|  0%| F|  |TAMS 0x000000008da00000| PB 0x000000008da00000| Untracked 
|  25|0x000000008db00000, 0x000000008db00000, 0x000000008dc00000|  0%| F|  |TAMS 0x000000008db00000| PB 0x000000008db00000| Untracked 
|  26|0x000000008dc00000, 0x000000008dc00000, 0x000000008dd00000|  0%| F|  |TAMS 0x000000008dc00000| PB 0x000000008dc00000| Untracked 
|  27|0x000000008dd00000, 0x000000008dd00000, 0x000000008de00000|  0%| F|  |TAMS 0x000000008dd00000| PB 0x000000008dd00000| Untracked 
|  28|0x000000008de00000, 0x000000008de00000, 0x000000008df00000|  0%| F|  |TAMS 0x000000008de00000| PB 0x000000008de00000| Untracked 
|  29|0x000000008df00000, 0x000000008df00000, 0x000000008e000000|  0%| F|  |TAMS 0x000000008df00000| PB 0x000000008df00000| Untracked 
|  30|0x000000008e000000, 0x000000008e000000, 0x000000008e100000|  0%| F|  |TAMS 0x000000008e000000| PB 0x000000008e000000| Untracked 
|  31|0x000000008e100000, 0x000000008e100000, 0x000000008e200000|  0%| F|  |TAMS 0x000000008e100000| PB 0x000000008e100000| Untracked 
|  32|0x000000008e200000, 0x000000008e200000, 0x000000008e300000|  0%| F|  |TAMS 0x000000008e200000| PB 0x000000008e200000| Untracked 
|  33|0x000000008e300000, 0x000000008e300000, 0x000000008e400000|  0%| F|  |TAMS 0x000000008e300000| PB 0x000000008e300000| Untracked 
|  34|0x000000008e400000, 0x000000008e400000, 0x000000008e500000|  0%| F|  |TAMS 0x000000008e400000| PB 0x000000008e400000| Untracked 
|  35|0x000000008e500000, 0x000000008e500000, 0x000000008e600000|  0%| F|  |TAMS 0x000000008e500000| PB 0x000000008e500000| Untracked 
|  36|0x000000008e600000, 0x000000008e600000, 0x000000008e700000|  0%| F|  |TAMS 0x000000008e600000| PB 0x000000008e600000| Untracked 
|  37|0x000000008e700000, 0x000000008e700000, 0x000000008e800000|  0%| F|  |TAMS 0x000000008e700000| PB 0x000000008e700000| Untracked 
|  38|0x000000008e800000, 0x000000008e800000, 0x000000008e900000|  0%| F|  |TAMS 0x000000008e800000| PB 0x000000008e800000| Untracked 
|  39|0x000000008e900000, 0x000000008e900000, 0x000000008ea00000|  0%| F|  |TAMS 0x000000008e900000| PB 0x000000008e900000| Untracked 
|  40|0x000000008ea00000, 0x000000008ea00000, 0x000000008eb00000|  0%| F|  |TAMS 0x000000008ea00000| PB 0x000000008ea00000| Untracked 
|  41|0x000000008eb00000, 0x000000008eb00000, 0x000000008ec00000|  0%| F|  |TAMS 0x000000008eb00000| PB 0x000000008eb00000| Untracked 
|  42|0x000000008ec00000, 0x000000008ec00000, 0x000000008ed00000|  0%| F|  |TAMS 0x000000008ec00000| PB 0x000000008ec00000| Untracked 
|  43|0x000000008ed00000, 0x000000008ed00000, 0x000000008ee00000|  0%| F|  |TAMS 0x000000008ed00000| PB 0x000000008ed00000| Untracked 
|  44|0x000000008ee00000, 0x000000008ee00000, 0x000000008ef00000|  0%| F|  |TAMS 0x000000008ee00000| PB 0x000000008ee00000| Untracked 
|  45|0x000000008ef00000, 0x000000008ef00000, 0x000000008f000000|  0%| F|  |TAMS 0x000000008ef00000| PB 0x000000008ef00000| Untracked 
|  46|0x000000008f000000, 0x000000008f000000, 0x000000008f100000|  0%| F|  |TAMS 0x000000008f000000| PB 0x000000008f000000| Untracked 
|  47|0x000000008f100000, 0x000000008f100000, 0x000000008f200000|  0%| F|  |TAMS 0x000000008f100000| PB 0x000000008f100000| Untracked 
|  48|0x000000008f200000, 0x000000008f200000, 0x000000008f300000|  0%| F|  |TAMS 0x000000008f200000| PB 0x000000008f200000| Untracked 
|  49|0x000000008f300000, 0x000000008f300000, 0x000000008f400000|  0%| F|  |TAMS 0x000000008f300000| PB 0x000000008f300000| Untracked 
|  50|0x000000008f400000, 0x000000008f400000, 0x000000008f500000|  0%| F|  |TAMS 0x000000008f400000| PB 0x000000008f400000| Untracked 
|  51|0x000000008f500000, 0x000000008f500000, 0x000000008f600000|  0%| F|  |TAMS 0x000000008f500000| PB 0x000000008f500000| Untracked 
|  52|0x000000008f600000, 0x000000008f600000, 0x000000008f700000|  0%| F|  |TAMS 0x000000008f600000| PB 0x000000008f600000| Untracked 
|  53|0x000000008f700000, 0x000000008f700000, 0x000000008f800000|  0%| F|  |TAMS 0x000000008f700000| PB 0x000000008f700000| Untracked 
|  54|0x000000008f800000, 0x000000008f800000, 0x000000008f900000|  0%| F|  |TAMS 0x000000008f800000| PB 0x000000008f800000| Untracked 
|  55|0x000000008f900000, 0x000000008f900000, 0x000000008fa00000|  0%| F|  |TAMS 0x000000008f900000| PB 0x000000008f900000| Untracked 
|  56|0x000000008fa00000, 0x000000008fa00000, 0x000000008fb00000|  0%| F|  |TAMS 0x000000008fa00000| PB 0x000000008fa00000| Untracked 
|  57|0x000000008fb00000, 0x000000008fb00000, 0x000000008fc00000|  0%| F|  |TAMS 0x000000008fb00000| PB 0x000000008fb00000| Untracked 
|  58|0x000000008fc00000, 0x000000008fc00000, 0x000000008fd00000|  0%| F|  |TAMS 0x000000008fc00000| PB 0x000000008fc00000| Untracked 
|  59|0x000000008fd00000, 0x000000008fd00000, 0x000000008fe00000|  0%| F|  |TAMS 0x000000008fd00000| PB 0x000000008fd00000| Untracked 
|  60|0x000000008fe00000, 0x000000008fe00000, 0x000000008ff00000|  0%| F|  |TAMS 0x000000008fe00000| PB 0x000000008fe00000| Untracked 
|  61|0x000000008ff00000, 0x000000008ff00000, 0x0000000090000000|  0%| F|  |TAMS 0x000000008ff00000| PB 0x000000008ff00000| Untracked 
|  62|0x0000000090000000, 0x0000000090000000, 0x0000000090100000|  0%| F|  |TAMS 0x0000000090000000| PB 0x0000000090000000| Untracked 
|  63|0x0000000090100000, 0x0000000090100000, 0x0000000090200000|  0%| F|  |TAMS 0x0000000090100000| PB 0x0000000090100000| Untracked 
|  64|0x0000000090200000, 0x0000000090200000, 0x0000000090300000|  0%| F|  |TAMS 0x0000000090200000| PB 0x0000000090200000| Untracked 
|  65|0x0000000090300000, 0x0000000090300000, 0x0000000090400000|  0%| F|  |TAMS 0x0000000090300000| PB 0x0000000090300000| Untracked 
|  66|0x0000000090400000, 0x0000000090400000, 0x0000000090500000|  0%| F|  |TAMS 0x0000000090400000| PB 0x0000000090400000| Untracked 
|  67|0x0000000090500000, 0x0000000090500000, 0x0000000090600000|  0%| F|  |TAMS 0x0000000090500000| PB 0x0000000090500000| Untracked 
|  68|0x0000000090600000, 0x0000000090600000, 0x0000000090700000|  0%| F|  |TAMS 0x0000000090600000| PB 0x0000000090600000| Untracked 
|  69|0x0000000090700000, 0x0000000090700000, 0x0000000090800000|  0%| F|  |TAMS 0x0000000090700000| PB 0x0000000090700000| Untracked 
|  70|0x0000000090800000, 0x0000000090800000, 0x0000000090900000|  0%| F|  |TAMS 0x0000000090800000| PB 0x0000000090800000| Untracked 
|  71|0x0000000090900000, 0x0000000090900000, 0x0000000090a00000|  0%| F|  |TAMS 0x0000000090900000| PB 0x0000000090900000| Untracked 
|  72|0x0000000090a00000, 0x0000000090a00000, 0x0000000090b00000|  0%| F|  |TAMS 0x0000000090a00000| PB 0x0000000090a00000| Untracked 
|  73|0x0000000090b00000, 0x0000000090b00000, 0x0000000090c00000|  0%| F|  |TAMS 0x0000000090b00000| PB 0x0000000090b00000| Untracked 
|  74|0x0000000090c00000, 0x0000000090c00000, 0x0000000090d00000|  0%| F|  |TAMS 0x0000000090c00000| PB 0x0000000090c00000| Untracked 
|  75|0x0000000090d00000, 0x0000000090d00000, 0x0000000090e00000|  0%| F|  |TAMS 0x0000000090d00000| PB 0x0000000090d00000| Untracked 
|  76|0x0000000090e00000, 0x0000000090e00000, 0x0000000090f00000|  0%| F|  |TAMS 0x0000000090e00000| PB 0x0000000090e00000| Untracked 
|  77|0x0000000090f00000, 0x0000000090f00000, 0x0000000091000000|  0%| F|  |TAMS 0x0000000090f00000| PB 0x0000000090f00000| Untracked 
|  78|0x0000000091000000, 0x0000000091000000, 0x0000000091100000|  0%| F|  |TAMS 0x0000000091000000| PB 0x0000000091000000| Untracked 
|  79|0x0000000091100000, 0x0000000091100000, 0x0000000091200000|  0%| F|  |TAMS 0x0000000091100000| PB 0x0000000091100000| Untracked 
|  80|0x0000000091200000, 0x0000000091200000, 0x0000000091300000|  0%| F|  |TAMS 0x0000000091200000| PB 0x0000000091200000| Untracked 
|  81|0x0000000091300000, 0x0000000091300000, 0x0000000091400000|  0%| F|  |TAMS 0x0000000091300000| PB 0x0000000091300000| Untracked 
|  82|0x0000000091400000, 0x0000000091400000, 0x0000000091500000|  0%| F|  |TAMS 0x0000000091400000| PB 0x0000000091400000| Untracked 
|  83|0x0000000091500000, 0x0000000091500000, 0x0000000091600000|  0%| F|  |TAMS 0x0000000091500000| PB 0x0000000091500000| Untracked 
|  84|0x0000000091600000, 0x0000000091600000, 0x0000000091700000|  0%| F|  |TAMS 0x0000000091600000| PB 0x0000000091600000| Untracked 
|  85|0x0000000091700000, 0x0000000091700000, 0x0000000091800000|  0%| F|  |TAMS 0x0000000091700000| PB 0x0000000091700000| Untracked 
|  86|0x0000000091800000, 0x0000000091800000, 0x0000000091900000|  0%| F|  |TAMS 0x0000000091800000| PB 0x0000000091800000| Untracked 
|  87|0x0000000091900000, 0x0000000091900000, 0x0000000091a00000|  0%| F|  |TAMS 0x0000000091900000| PB 0x0000000091900000| Untracked 
|  88|0x0000000091a00000, 0x0000000091a00000, 0x0000000091b00000|  0%| F|  |TAMS 0x0000000091a00000| PB 0x0000000091a00000| Untracked 
|  89|0x0000000091b00000, 0x0000000091b00000, 0x0000000091c00000|  0%| F|  |TAMS 0x0000000091b00000| PB 0x0000000091b00000| Untracked 
|  90|0x0000000091c00000, 0x0000000091c00000, 0x0000000091d00000|  0%| F|  |TAMS 0x0000000091c00000| PB 0x0000000091c00000| Untracked 
|  91|0x0000000091d00000, 0x0000000091d00000, 0x0000000091e00000|  0%| F|  |TAMS 0x0000000091d00000| PB 0x0000000091d00000| Untracked 
|  92|0x0000000091e00000, 0x0000000091e00000, 0x0000000091f00000|  0%| F|  |TAMS 0x0000000091e00000| PB 0x0000000091e00000| Untracked 
|  93|0x0000000091f00000, 0x0000000091f00000, 0x0000000092000000|  0%| F|  |TAMS 0x0000000091f00000| PB 0x0000000091f00000| Untracked 
|  94|0x0000000092000000, 0x0000000092000000, 0x0000000092100000|  0%| F|  |TAMS 0x0000000092000000| PB 0x0000000092000000| Untracked 
|  95|0x0000000092100000, 0x0000000092100000, 0x0000000092200000|  0%| F|  |TAMS 0x0000000092100000| PB 0x0000000092100000| Untracked 
|  96|0x0000000092200000, 0x0000000092200000, 0x0000000092300000|  0%| F|  |TAMS 0x0000000092200000| PB 0x0000000092200000| Untracked 
|  97|0x0000000092300000, 0x0000000092300000, 0x0000000092400000|  0%| F|  |TAMS 0x0000000092300000| PB 0x0000000092300000| Untracked 
|  98|0x0000000092400000, 0x0000000092400000, 0x0000000092500000|  0%| F|  |TAMS 0x0000000092400000| PB 0x0000000092400000| Untracked 
|  99|0x0000000092500000, 0x0000000092500000, 0x0000000092600000|  0%| F|  |TAMS 0x0000000092500000| PB 0x0000000092500000| Untracked 
| 100|0x0000000092600000, 0x0000000092600000, 0x0000000092700000|  0%| F|  |TAMS 0x0000000092600000| PB 0x0000000092600000| Untracked 
| 101|0x0000000092700000, 0x0000000092700000, 0x0000000092800000|  0%| F|  |TAMS 0x0000000092700000| PB 0x0000000092700000| Untracked 
| 102|0x0000000092800000, 0x0000000092800000, 0x0000000092900000|  0%| F|  |TAMS 0x0000000092800000| PB 0x0000000092800000| Untracked 
| 103|0x0000000092900000, 0x0000000092900000, 0x0000000092a00000|  0%| F|  |TAMS 0x0000000092900000| PB 0x0000000092900000| Untracked 
| 104|0x0000000092a00000, 0x0000000092a00000, 0x0000000092b00000|  0%| F|  |TAMS 0x0000000092a00000| PB 0x0000000092a00000| Untracked 
| 105|0x0000000092b00000, 0x0000000092b00000, 0x0000000092c00000|  0%| F|  |TAMS 0x0000000092b00000| PB 0x0000000092b00000| Untracked 
| 106|0x0000000092c00000, 0x0000000092c00000, 0x0000000092d00000|  0%| F|  |TAMS 0x0000000092c00000| PB 0x0000000092c00000| Untracked 
| 107|0x0000000092d00000, 0x0000000092d00000, 0x0000000092e00000|  0%| F|  |TAMS 0x0000000092d00000| PB 0x0000000092d00000| Untracked 
| 108|0x0000000092e00000, 0x0000000092e76498, 0x0000000092f00000| 46%| E|  |TAMS 0x0000000092e00000| PB 0x0000000092e00000| Complete 
| 109|0x0000000092f00000, 0x0000000093000000, 0x0000000093000000|100%| E|CS|TAMS 0x0000000092f00000| PB 0x0000000092f00000| Complete 
| 110|0x0000000093000000, 0x0000000093100000, 0x0000000093100000|100%| E|CS|TAMS 0x0000000093000000| PB 0x0000000093000000| Complete 
| 111|0x0000000093100000, 0x0000000093200000, 0x0000000093200000|100%| E|CS|TAMS 0x0000000093100000| PB 0x0000000093100000| Complete 
| 112|0x0000000093200000, 0x0000000093300000, 0x0000000093300000|100%| E|CS|TAMS 0x0000000093200000| PB 0x0000000093200000| Complete 
| 113|0x0000000093300000, 0x0000000093400000, 0x0000000093400000|100%| E|CS|TAMS 0x0000000093300000| PB 0x0000000093300000| Complete 
| 114|0x0000000093400000, 0x0000000093500000, 0x0000000093500000|100%| E|CS|TAMS 0x0000000093400000| PB 0x0000000093400000| Complete 
| 115|0x0000000093500000, 0x0000000093600000, 0x0000000093600000|100%| E|CS|TAMS 0x0000000093500000| PB 0x0000000093500000| Complete 

Card table byte_map: [0x0000024777c70000,0x0000024778010000] _byte_map_base: 0x000002477780f000

Marking Bits: (CMBitMap*) 0x000002476018a230
 Bits: [0x0000024778010000, 0x0000024779d08000)

Polling page: 0x000002475e050000

Metaspace:

Usage:
  Non-class:      7.53 MB used.
      Class:   1022.69 KB used.
       Both:      8.53 MB used.

Virtual space:
  Non-class space:       64.00 MB reserved,       7.62 MB ( 12%) committed,  1 nodes.
      Class space:        1.00 GB reserved,       1.06 MB ( <1%) committed,  1 nodes.
             Both:        1.06 GB reserved,       8.69 MB ( <1%) committed. 

Chunk freelists:
   Non-Class:  7.99 MB
       Class:  14.75 MB
        Both:  22.74 MB

MaxMetaspaceSize: unlimited
CompressedClassSpaceSize: 1.00 GB
Initial GC threshold: 21.00 MB
Current GC threshold: 21.00 MB
CDS: on
 - commit_granule_bytes: 65536.
 - commit_granule_words: 8192.
 - virtual_space_node_default_size: 8388608.
 - enlarge_chunks_in_place: 1.
 - use_allocation_guard: 0.


Internal statistics:

num_allocs_failed_limit: 0.
num_arena_births: 132.
num_arena_deaths: 0.
num_vsnodes_births: 2.
num_vsnodes_deaths: 0.
num_space_committed: 139.
num_space_uncommitted: 0.
num_chunks_returned_to_freelist: 0.
num_chunks_taken_from_freelist: 167.
num_chunk_merges: 0.
num_chunk_splits: 102.
num_chunks_enlarged: 52.
num_inconsistent_stats: 0.

CodeHeap 'non-profiled nmethods': size=120000Kb used=219Kb max_used=219Kb free=119780Kb
 bounds [0x0000024770070000, 0x00000247702e0000, 0x00000247775a0000]
CodeHeap 'profiled nmethods': size=120000Kb used=1221Kb max_used=1221Kb free=118778Kb
 bounds [0x00000247685a0000, 0x0000024768810000, 0x000002476fad0000]
CodeHeap 'non-nmethods': size=5760Kb used=1487Kb max_used=1504Kb free=4272Kb
 bounds [0x000002476fad0000, 0x000002476fd40000, 0x0000024770070000]
 total_blobs=1319 nmethods=751 adapters=473
 compilation: enabled
              stopped_count=0, restarted_count=0
 full_count=0

Compilation events (20 events):
Event: 0.913 Thread 0x000002477c75a390  740   !   3       jdk.internal.misc.ScopedMemoryAccess::getCharUnalignedInternal (36 bytes)
Event: 0.913 Thread 0x000002477c75a390 nmethod 740 0x00000247686cef90 code [0x00000247686cf160, 0x00000247686cf458]
Event: 0.913 Thread 0x000002477c75a390  741       3       jdk.internal.misc.Unsafe::getCharUnaligned (12 bytes)
Event: 0.913 Thread 0x000002477c75a390 nmethod 741 0x00000247686cf610 code [0x00000247686cf7c0, 0x00000247686cf9f8]
Event: 0.913 Thread 0x000002477c75a390  742       3       jdk.internal.misc.Unsafe::getCharUnaligned (34 bytes)
Event: 0.913 Thread 0x000002477c75a390 nmethod 742 0x00000247686cfb10 code [0x00000247686cfce0, 0x00000247686d0098]
Event: 0.913 Thread 0x000002477c75a390  744       3       jdk.internal.misc.Unsafe::convEndian (16 bytes)
Event: 0.913 Thread 0x000002477c75a390 nmethod 744 0x00000247686d0210 code [0x00000247686d03c0, 0x00000247686d0578]
Event: 0.913 Thread 0x000002477c75a390  745       3       java.lang.Character::reverseBytes (15 bytes)
Event: 0.913 Thread 0x000002477c75a390 nmethod 745 0x00000247686d0610 code [0x00000247686d07a0, 0x00000247686d08a8]
Event: 0.913 Thread 0x000002477c75a390  747       3       java.nio.ByteBufferAsCharBufferB::byteOffset (9 bytes)
Event: 0.913 Thread 0x000002477c75a390 nmethod 747 0x00000247686d0910 code [0x00000247686d0aa0, 0x00000247686d0bc0]
Event: 0.917 Thread 0x000002477c75a390  748       1       java.lang.Thread::isInterrupted (5 bytes)
Event: 0.917 Thread 0x000002477c75a390 nmethod 748 0x00000247700a6810 code [0x00000247700a69a0, 0x00000247700a6a70]
Event: 0.917 Thread 0x000002477c75a390  749       1       sun.nio.ch.NativeThread::currentNativeThread (2 bytes)
Event: 0.917 Thread 0x000002477c75a390 nmethod 749 0x00000247700a6b10 code [0x00000247700a6ca0, 0x00000247700a6d50]
Event: 0.917 Thread 0x000002477c75a390  750       3       java.nio.channels.spi.AbstractInterruptibleChannel::isOpen (13 bytes)
Event: 0.918 Thread 0x000002477c75a390 nmethod 750 0x00000247686d0c90 code [0x00000247686d0e20, 0x00000247686d0f88]
Event: 0.918 Thread 0x000002477c75a390  751       3       java.nio.channels.spi.AbstractInterruptibleChannel::blockedOn (10 bytes)
Event: 0.918 Thread 0x000002477c75a390 nmethod 751 0x00000247686d1010 code [0x00000247686d11e0, 0x00000247686d1410]

GC Heap History (0 events):
No events

Dll operation events (9 events):
Event: 0.021 Loaded shared library C:\Program Files\Java\jdk-21\bin\java.dll
Event: 0.079 Loaded shared library C:\Program Files\Java\jdk-21\bin\jsvml.dll
Event: 0.155 Loaded shared library C:\Program Files\Java\jdk-21\bin\jimage.dll
Event: 0.168 Loaded shared library C:\Program Files\Java\jdk-21\bin\net.dll
Event: 0.171 Loaded shared library C:\Program Files\Java\jdk-21\bin\nio.dll
Event: 0.181 Loaded shared library C:\Program Files\Java\jdk-21\bin\zip.dll
Event: 0.213 Loaded shared library C:\Program Files\Java\jdk-21\bin\awt.dll
Event: 0.506 Loaded shared library C:\Program Files\Java\jdk-21\bin\freetype.dll
Event: 0.509 Loaded shared library C:\Program Files\Java\jdk-21\bin\fontmanager.dll

Deoptimization events (6 events):
Event: 0.791 Thread 0x000002477cc322e0 Uncommon trap: trap_request=0xffffff45 fr.pc=0x0000024770095f1c relative=0x000000000000095c
Event: 0.791 Thread 0x000002477cc322e0 Uncommon trap: reason=unstable_if action=reinterpret pc=0x0000024770095f1c method=java.util.HashMap.putVal(ILjava/lang/Object;Ljava/lang/Object;ZZ)Ljava/lang/Object; @ 109 c2
Event: 0.791 Thread 0x000002477cc322e0 DEOPT PACKING pc=0x0000024770095f1c sp=0x0000006c901fdf30
Event: 0.791 Thread 0x000002477cc322e0 DEOPT UNPACKING pc=0x000002476fb246a2 sp=0x0000006c901fdef8 mode 2
Event: 0.821 Thread 0x000002477cc322e0 DEOPT PACKING pc=0x00000247685ba478 sp=0x0000006c901fde20
Event: 0.821 Thread 0x000002477cc322e0 DEOPT UNPACKING pc=0x000002476fb24e42 sp=0x0000006c901fd240 mode 0

Classes loaded (20 events):
Event: 0.913 Loading class sun/java2d/Disposer$PollDisposable
Event: 0.913 Loading class sun/java2d/Disposer$PollDisposable done
Event: 0.913 Loading class sun/font/FontStrikeDisposer done
Event: 0.913 Loading class sun/font/StrikeCache$SoftDisposerRef
Event: 0.913 Loading class sun/font/StrikeCache$DisposableStrike
Event: 0.913 Loading class sun/font/StrikeCache$DisposableStrike done
Event: 0.913 Loading class sun/font/StrikeCache$SoftDisposerRef done
Event: 0.913 Loading class sun/font/FontDesignMetrics$KeyReference
Event: 0.913 Loading class sun/font/FontDesignMetrics$KeyReference done
Event: 0.922 Loading class javax/swing/GroupLayout
Event: 0.922 Loading class javax/swing/GroupLayout done
Event: 0.922 Loading class javax/swing/GroupLayout$Alignment
Event: 0.922 Loading class javax/swing/GroupLayout$Alignment done
Event: 0.922 Loading class javax/swing/GroupLayout$AutoPreferredGapSpring
Event: 0.923 Loading class javax/swing/GroupLayout$AutoPreferredGapSpring done
Event: 0.923 Loading class javax/swing/GroupLayout$GapSpring
Event: 0.923 Loading class javax/swing/GroupLayout$GapSpring done
Event: 0.923 Loading class javax/swing/GroupLayout$ComponentSpring
Event: 0.923 Loading class javax/swing/GroupLayout$ComponentSpring done
Event: 0.923 Loading class javax/swing/GroupLayout$ComponentInfo

Classes unloaded (0 events):
No events

Classes redefined (0 events):
No events

Internal exceptions (20 events):
Event: 0.600 Thread 0x000002475e0914a0 Exception <a 'java/lang/ClassNotFoundException'{0x00000000930487e8}: ToolBar> (0x00000000930487e8) 
thrown [s\open\src\hotspot\share\classfile\systemDictionary.cpp, line 312]
Event: 0.600 Thread 0x000002475e0914a0 Exception <a 'java/lang/ClassNotFoundException'{0x0000000093048b58}: ToggleButton> (0x0000000093048b58) 
thrown [s\open\src\hotspot\share\classfile\systemDictionary.cpp, line 312]
Event: 0.600 Thread 0x000002475e0914a0 Exception <a 'java/lang/ClassNotFoundException'{0x0000000093048f98}: javax/swing/JToolBarSeparator> (0x0000000093048f98) 
thrown [s\open\src\hotspot\share\classfile\systemDictionary.cpp, line 312]
Event: 0.600 Thread 0x000002475e0914a0 Exception <a 'java/lang/ClassNotFoundException'{0x00000000930492a8}: ToolBarSeparator> (0x00000000930492a8) 
thrown [s\open\src\hotspot\share\classfile\systemDictionary.cpp, line 312]
Event: 0.601 Thread 0x000002475e0914a0 Exception <a 'java/lang/ClassNotFoundException'{0x00000000930497b0}: ToolTip> (0x00000000930497b0) 
thrown [s\open\src\hotspot\share\classfile\systemDictionary.cpp, line 312]
Event: 0.602 Thread 0x000002475e0914a0 Exception <a 'java/lang/ClassNotFoundException'{0x000000009304a0f0}: Tree> (0x000000009304a0f0) 
thrown [s\open\src\hotspot\share\classfile\systemDictionary.cpp, line 312]
Event: 0.602 Thread 0x000002475e0914a0 Exception <a 'java/lang/ClassNotFoundException'{0x000000009304a5e8}: Tree> (0x000000009304a5e8) 
thrown [s\open\src\hotspot\share\classfile\systemDictionary.cpp, line 312]
Event: 0.602 Thread 0x000002475e0914a0 Exception <a 'java/lang/ClassNotFoundException'{0x000000009304a958}: javax/swing/JTreeCell> (0x000000009304a958) 
thrown [s\open\src\hotspot\share\classfile\systemDictionary.cpp, line 312]
Event: 0.602 Thread 0x000002475e0914a0 Exception <a 'java/lang/ClassNotFoundException'{0x000000009304ac60}: TreeCell> (0x000000009304ac60) 
thrown [s\open\src\hotspot\share\classfile\systemDictionary.cpp, line 312]
Event: 0.603 Thread 0x000002475e0914a0 Exception <a 'java/lang/ClassNotFoundException'{0x000000009304b408}: RootPane> (0x000000009304b408) 
thrown [s\open\src\hotspot\share\classfile\systemDictionary.cpp, line 312]
Event: 0.609 Thread 0x000002475e0914a0 Exception <a 'java/lang/ClassNotFoundException'{0x000000009304e198}: com/sun/swing/internal/plaf/metal/resources/spi/metalProvider> (0x000000009304e198) 
thrown [s\open\src\hotspot\share\classfile\systemDictionary.cpp, line 312]
Event: 0.611 Thread 0x000002475e0914a0 Exception <a 'java/lang/ClassNotFoundException'{0x0000000093051e48}: com/sun/swing/internal/plaf/basic/resources/spi/basicProvider> (0x0000000093051e48) 
thrown [s\open\src\hotspot\share\classfile\systemDictionary.cpp, line 312]
Event: 0.743 Thread 0x000002477cc322e0 Exception <a 'java/lang/ClassNotFoundException'{0x0000000092f02ba8}: com/sun/swing/internal/plaf/synth/resources/spi/synthProvider> (0x0000000092f02ba8) 
thrown [s\open\src\hotspot\share\classfile\systemDictionary.cpp, line 312]
Event: 0.775 Thread 0x000002477cc322e0 Exception <a 'java/lang/NoSuchMethodError'{0x0000000092f46368}: 'int java.lang.invoke.Invokers$Holder.invokeExact_MT(java.lang.Object, java.lang.Object)'> (0x0000000092f46368) 
thrown [s\open\src\hotspot\share\interpreter\linkResolver.cpp, line 773]
Event: 0.783 Thread 0x000002477cc322e0 Exception <a 'java/lang/NoSuchMethodError'{0x0000000092f4dfd8}: 'java.lang.Object java.lang.invoke.DirectMethodHandle$Holder.newInvokeSpecial(java.lang.Object, java.lang.Object, int)'> (0x0000000092f4dfd8) 
thrown [s\open\src\hotspot\share\interpreter\linkResolver.cpp, line 773]
Event: 0.784 Thread 0x000002477cc322e0 Exception <a 'java/lang/NoSuchMethodError'{0x0000000092f52e88}: 'int java.lang.invoke.DirectMethodHandle$Holder.invokeSpecial(java.lang.Object, java.lang.Object, java.lang.Object, int)'> (0x0000000092f52e88) 
thrown [s\open\src\hotspot\share\interpreter\linkResolver.cpp, line 773]
Event: 0.786 Thread 0x000002477cc322e0 Exception <a 'java/lang/NoSuchMethodError'{0x0000000092f654e0}: 'java.lang.Object java.lang.invoke.DirectMethodHandle$Holder.invokeStatic(java.lang.Object, java.lang.Object, java.lang.Object, java.lang.Object, int)'> (0x0000000092f654e0) 
thrown [s\open\src\hotspot\share\interpreter\linkResolver.cpp, line 773]
Event: 0.789 Thread 0x000002477cc322e0 Exception <a 'java/lang/NoSuchMethodError'{0x0000000092f70d40}: 'int java.lang.invoke.DirectMethodHandle$Holder.invokeSpecial(java.lang.Object, java.lang.Object, java.lang.Object)'> (0x0000000092f70d40) 
thrown [s\open\src\hotspot\share\interpreter\linkResolver.cpp, line 773]
Event: 0.893 Thread 0x000002477cc322e0 Exception <a 'java/lang/NoSuchMethodError'{0x0000000092ff1ac8}: 'void java.lang.invoke.DirectMethodHandle$Holder.invokeStatic(java.lang.Object, java.lang.Object, java.lang.Object)'> (0x0000000092ff1ac8) 
thrown [s\open\src\hotspot\share\interpreter\linkResolver.cpp, line 773]
Event: 0.894 Thread 0x000002477cc322e0 Exception <a 'java/lang/NoSuchMethodError'{0x0000000092ff7698}: 'void java.lang.invoke.DirectMethodHandle$Holder.invokeStatic(java.lang.Object, java.lang.Object)'> (0x0000000092ff7698) 
thrown [s\open\src\hotspot\share\interpreter\linkResolver.cpp, line 773]

ZGC Phase Switch (0 events):
No events

VM Operations (6 events):
Event: 0.607 Executing VM operation: HandshakeAllThreads (Deoptimize)
Event: 0.608 Executing VM operation: HandshakeAllThreads (Deoptimize) done
Event: 0.878 Executing VM operation: HandshakeAllThreads (Deoptimize)
Event: 0.878 Executing VM operation: HandshakeAllThreads (Deoptimize) done
Event: 0.882 Executing VM operation: HandshakeAllThreads (Deoptimize)
Event: 0.882 Executing VM operation: HandshakeAllThreads (Deoptimize) done

Events (17 events):
Event: 0.053 Thread 0x000002475e0914a0 Thread added: 0x000002475e0914a0
Event: 0.076 Thread 0x000002477c720420 Thread added: 0x000002477c720420
Event: 0.076 Thread 0x000002477c7212f0 Thread added: 0x000002477c7212f0
Event: 0.077 Thread 0x000002477c727180 Thread added: 0x000002477c727180
Event: 0.077 Thread 0x000002477c729bf0 Thread added: 0x000002477c729bf0
Event: 0.077 Thread 0x000002477c72a800 Thread added: 0x000002477c72a800
Event: 0.077 Thread 0x000002477c72b410 Thread added: 0x000002477c72b410
Event: 0.077 Thread 0x000002477c72df00 Thread added: 0x000002477c72df00
Event: 0.077 Thread 0x000002477c75a390 Thread added: 0x000002477c75a390
Event: 0.112 Thread 0x000002477ca15d40 Thread added: 0x000002477ca15d40
Event: 0.119 Thread 0x000002477ca1afc0 Thread added: 0x000002477ca1afc0
Event: 0.315 Thread 0x000002477cbac150 Thread added: 0x000002477cbac150
Event: 0.317 Thread 0x000002477cbba300 Thread added: 0x000002477cbba300
Event: 0.318 Thread 0x000002477cbc2980 Thread added: 0x000002477cbc2980
Event: 0.628 Thread 0x000002477cc322e0 Thread added: 0x000002477cc322e0
Event: 0.629 Thread 0x000002475e0914a0 Thread exited: 0x000002475e0914a0
Event: 0.629 Thread 0x000002475e0914a0 Thread added: 0x000002475e0914a0


Dynamic libraries:
0x00007ff6f6e00000 - 0x00007ff6f6e10000 	C:\Program Files\Java\jdk-21\bin\java.exe
0x00007ffb7fdd0000 - 0x00007ffb7ffe7000 	C:\Windows\SYSTEM32\ntdll.dll
0x00007ffb7e990000 - 0x00007ffb7ea54000 	C:\Windows\System32\KERNEL32.DLL
0x00007ffb7d0f0000 - 0x00007ffb7d497000 	C:\Windows\System32\KERNELBASE.dll
0x00007ffb7d7d0000 - 0x00007ffb7d8e1000 	C:\Windows\System32\ucrtbase.dll
0x00007ffb6a5d0000 - 0x00007ffb6a5e9000 	C:\Program Files\Java\jdk-21\bin\jli.dll
0x00007ffb77770000 - 0x00007ffb7778b000 	C:\Program Files\Java\jdk-21\bin\VCRUNTIME140.dll
0x00007ffb7ea60000 - 0x00007ffb7eb12000 	C:\Windows\System32\ADVAPI32.dll
0x00007ffb7db00000 - 0x00007ffb7dba7000 	C:\Windows\System32\msvcrt.dll
0x00007ffb7eda0000 - 0x00007ffb7ee48000 	C:\Windows\System32\sechost.dll
0x00007ffb7d4a0000 - 0x00007ffb7d4c8000 	C:\Windows\System32\bcrypt.dll
0x00007ffb7e600000 - 0x00007ffb7e715000 	C:\Windows\System32\RPCRT4.dll
0x00007ffb7f680000 - 0x00007ffb7f82e000 	C:\Windows\System32\USER32.dll
0x00007ffb7d4d0000 - 0x00007ffb7d4f6000 	C:\Windows\System32\win32u.dll
0x00007ffb64100000 - 0x00007ffb64393000 	C:\Windows\WinSxS\amd64_microsoft.windows.common-controls_6595b64144ccf1df_6.0.22621.3527_none_270e469b73872a76\COMCTL32.dll
0x00007ffb7e4e0000 - 0x00007ffb7e509000 	C:\Windows\System32\GDI32.dll
0x00007ffb7d9e0000 - 0x00007ffb7daf9000 	C:\Windows\System32\gdi32full.dll
0x00007ffb7d500000 - 0x00007ffb7d59a000 	C:\Windows\System32\msvcp_win.dll
0x00007ffb72ee0000 - 0x00007ffb72eea000 	C:\Windows\SYSTEM32\VERSION.dll
0x00007ffb7dbb0000 - 0x00007ffb7dbe1000 	C:\Windows\System32\IMM32.DLL
0x00007ffb7a2b0000 - 0x00007ffb7a2bc000 	C:\Program Files\Java\jdk-21\bin\vcruntime140_1.dll
0x00007ffb62230000 - 0x00007ffb622be000 	C:\Program Files\Java\jdk-21\bin\msvcp140.dll
0x00007ffb2fd80000 - 0x00007ffb30a97000 	C:\Program Files\Java\jdk-21\bin\server\jvm.dll
0x00007ffb7ee50000 - 0x00007ffb7eec1000 	C:\Windows\System32\WS2_32.dll
0x00007ffb7ce00000 - 0x00007ffb7ce4d000 	C:\Windows\SYSTEM32\POWRPROF.dll
0x00007ffb776e0000 - 0x00007ffb77714000 	C:\Windows\SYSTEM32\WINMM.dll
0x00007ffb7cde0000 - 0x00007ffb7cdf3000 	C:\Windows\SYSTEM32\UMPDC.dll
0x00007ffb7c0f0000 - 0x00007ffb7c108000 	C:\Windows\SYSTEM32\kernel.appcore.dll
0x00007ffb792d0000 - 0x00007ffb792da000 	C:\Program Files\Java\jdk-21\bin\jimage.dll
0x00007ffb73620000 - 0x00007ffb73852000 	C:\Windows\SYSTEM32\DBGHELP.DLL
0x00007ffb7f0c0000 - 0x00007ffb7f448000 	C:\Windows\System32\combase.dll
0x00007ffb7fcb0000 - 0x00007ffb7fd87000 	C:\Windows\System32\OLEAUT32.dll
0x00007ffb732b0000 - 0x00007ffb732e2000 	C:\Windows\SYSTEM32\dbgcore.DLL
0x00007ffb7d8f0000 - 0x00007ffb7d969000 	C:\Windows\System32\bcryptPrimitives.dll
0x00007ffb77750000 - 0x00007ffb7776f000 	C:\Program Files\Java\jdk-21\bin\java.dll
0x00007ffb7dbf0000 - 0x00007ffb7e44c000 	C:\Windows\System32\SHELL32.dll
0x00007ffb7afe0000 - 0x00007ffb7b8d6000 	C:\Windows\SYSTEM32\windows.storage.dll
0x00007ffb7aea0000 - 0x00007ffb7afde000 	C:\Windows\SYSTEM32\wintypes.dll
0x00007ffb7f560000 - 0x00007ffb7f655000 	C:\Windows\System32\SHCORE.dll
0x00007ffb7eb20000 - 0x00007ffb7eb7e000 	C:\Windows\System32\shlwapi.dll
0x00007ffb7d020000 - 0x00007ffb7d041000 	C:\Windows\SYSTEM32\profapi.dll
0x00007ffb622c0000 - 0x00007ffb62397000 	C:\Program Files\Java\jdk-21\bin\jsvml.dll
0x00007ffb78ab0000 - 0x00007ffb78ac0000 	C:\Program Files\Java\jdk-21\bin\net.dll
0x00007ffb78c70000 - 0x00007ffb78da6000 	C:\Windows\SYSTEM32\WINHTTP.dll
0x00007ffb7c580000 - 0x00007ffb7c5e9000 	C:\Windows\system32\mswsock.dll
0x00007ffb74970000 - 0x00007ffb74986000 	C:\Program Files\Java\jdk-21\bin\nio.dll
0x00007ffb748f0000 - 0x00007ffb74908000 	C:\Program Files\Java\jdk-21\bin\zip.dll
0x00007ffb3f980000 - 0x00007ffb3fb0f000 	C:\Program Files\Java\jdk-21\bin\awt.dll
0x00007ffb775c0000 - 0x00007ffb77657000 	C:\Windows\SYSTEM32\apphelp.dll
0x00007ffb7a5d0000 - 0x00007ffb7a67b000 	C:\Windows\system32\uxtheme.dll
0x00007ffb7e730000 - 0x00007ffb7e883000 	C:\Windows\System32\MSCTF.dll
0x00007ffb7ebe0000 - 0x00007ffb7ed85000 	C:\Windows\System32\ole32.dll
0x00007ffb7a830000 - 0x00007ffb7a85b000 	C:\Windows\system32\DWMAPI.DLL
0x00007ffb5ab40000 - 0x00007ffb5abc7000 	C:\Program Files\Java\jdk-21\bin\freetype.dll
0x00007ffb3f890000 - 0x00007ffb3f972000 	C:\Program Files\Java\jdk-21\bin\fontmanager.dll
0x00007ffb43430000 - 0x00007ffb43530000 	C:\Windows\system32\opengl32.dll
0x00007ffb72f80000 - 0x00007ffb72fad000 	C:\Windows\SYSTEM32\GLU32.dll
0x00007ffb7a6c0000 - 0x00007ffb7a6f9000 	C:\Windows\SYSTEM32\dxcore.dll
0x00007ffb32630000 - 0x00007ffb327d9000 	C:\Windows\system32\d3d9.dll
0x00007ffb68f70000 - 0x00007ffb6912b000 	C:\Windows\System32\DriverStore\FileRepository\u0399259.inf_amd64_91ce8c34032dc40f\B399013\aticfx64.dll
0x00007ffb2a470000 - 0x00007ffb2c23f000 	C:\Windows\System32\DriverStore\FileRepository\u0399259.inf_amd64_91ce8c34032dc40f\B399013\amdxn64.dll
0x00007ffb7f830000 - 0x00007ffb7fca4000 	C:\Windows\System32\SETUPAPI.dll
0x00007ffb7a720000 - 0x00007ffb7a817000 	C:\Windows\SYSTEM32\dxgi.dll
0x00007ffb66770000 - 0x00007ffb667a5000 	C:\Windows\SYSTEM32\amdihk64.dll
0x00007ffb715d0000 - 0x00007ffb7161a000 	C:\Windows\SYSTEM32\directxdatabasehelper.dll

dbghelp: loaded successfully - version: 4.0.5 - missing functions: none
symbol engine: initialized successfully - sym options: 0x614 - pdb path: .;C:\Program Files\Java\jdk-21\bin;C:\Windows\SYSTEM32;C:\Windows\WinSxS\amd64_microsoft.windows.common-controls_6595b64144ccf1df_6.0.22621.3527_none_270e469b73872a76;C:\Program Files\Java\jdk-21\bin\server;C:\Windows\System32\DriverStore\FileRepository\u0399259.inf_amd64_91ce8c34032dc40f\B399013

VM Arguments:
java_command: sistemaEmprestimoGUI.registroEmprestimo
java_class_path (initial): C:\Users\maria\Documents\repositoriosGit\ProjetoA3SQL\target\classes;C:\Users\maria\.m2\repository\com\mysql\mysql-connector-j\8.0.33\mysql-connector-j-8.0.33.jar;C:\Users\maria\.m2\repository\com\google\protobuf\protobuf-java\3.21.9\protobuf-java-3.21.9.jar
Launcher Type: SUN_STANDARD

[Global flags]
     intx CICompilerCount                          = 4                                         {product} {ergonomic}
     uint ConcGCThreads                            = 2                                         {product} {ergonomic}
     uint G1ConcRefinementThreads                  = 8                                         {product} {ergonomic}
   size_t G1HeapRegionSize                         = 1048576                                   {product} {ergonomic}
    uintx GCDrainStackTargetSize                   = 64                                        {product} {ergonomic}
   size_t InitialHeapSize                          = 121634816                                 {product} {ergonomic}
   size_t MarkStackSize                            = 4194304                                   {product} {ergonomic}
   size_t MaxHeapSize                              = 1944059904                                {product} {ergonomic}
   size_t MaxNewSize                               = 1166016512                                {product} {ergonomic}
   size_t MinHeapDeltaBytes                        = 1048576                                   {product} {ergonomic}
   size_t MinHeapSize                              = 8388608                                   {product} {ergonomic}
    uintx NonNMethodCodeHeapSize                   = 5839372                                {pd product} {ergonomic}
    uintx NonProfiledCodeHeapSize                  = 122909434                              {pd product} {ergonomic}
    uintx ProfiledCodeHeapSize                     = 122909434                              {pd product} {ergonomic}
    uintx ReservedCodeCacheSize                    = 251658240                              {pd product} {ergonomic}
     bool SegmentedCodeCache                       = true                                      {product} {ergonomic}
   size_t SoftMaxHeapSize                          = 1944059904                             {manageable} {ergonomic}
     bool UseCompressedOops                        = true                           {product lp64_product} {ergonomic}
     bool UseG1GC                                  = true                                      {product} {ergonomic}
     bool UseLargePagesIndividualAllocation        = false                                  {pd product} {ergonomic}

Logging:
Log output configuration:
 #0: stdout all=warning uptime,level,tags foldmultilines=false
 #1: stderr all=off uptime,level,tags foldmultilines=false

Environment Variables:
JAVA_HOME=C:\Program Files\Java\jdk-21
PATH=C:\Program Files\Common Files\Oracle\Java\javapath;C:\Windows\system32;C:\Windows;C:\Windows\System32\Wbem;C:\Windows\System32\WindowsPowerShell\v1.0\;C:\Windows\System32\OpenSSH\;C:\Program Files\Wondershare\Wondershare DemoCreator;C:\Program Files\Git\cmd;C:\Users\maria\AppData\Local\Microsoft\WindowsApps;C:\Users\maria\AppData\Local\Programs\Microsoft VS Code\bin;C:\Users\maria\AppData\Local\GitHubDesktop\bin
USERNAME=maria
OS=Windows_NT
PROCESSOR_IDENTIFIER=AMD64 Family 23 Model 160 Stepping 0, AuthenticAMD
TMP=C:\Users\maria\AppData\Local\Temp
TEMP=C:\Users\maria\AppData\Local\Temp




Periodic native trim disabled

---------------  S Y S T E M  ---------------

OS:
 Windows 11 , 64 bit Build 22621 (10.0.22621.3527)
OS uptime: 2 days 13:12 hours
Hyper-V role detected

CPU: total 8 (initial active 8) (8 cores per cpu, 2 threads per core) family 23 model 160 stepping 0 microcode 0x0, cx8, cmov, fxsr, ht, mmx, 3dnowpref, sse, sse2, sse3, ssse3, sse4a, sse4.1, sse4.2, popcnt, lzcnt, tsc, tscinvbit, avx, avx2, aes, clmul, bmi1, bmi2, adx, sha, fma, vzeroupper, clflush, clflushopt, hv, rdtscp, rdpid, f16c
Processor Information for processor 0
  Max Mhz: 2801, Current Mhz: 2801, Mhz Limit: 2801
Processor Information for processor 1
  Max Mhz: 2801, Current Mhz: 1981, Mhz Limit: 2801
Processor Information for processor 2
  Max Mhz: 2801, Current Mhz: 1981, Mhz Limit: 2801
Processor Information for processor 3
  Max Mhz: 2801, Current Mhz: 2801, Mhz Limit: 2801
Processor Information for processor 4
  Max Mhz: 2801, Current Mhz: 2801, Mhz Limit: 2801
Processor Information for processor 5
  Max Mhz: 2801, Current Mhz: 1981, Mhz Limit: 2801
Processor Information for processor 6
  Max Mhz: 2801, Current Mhz: 2801, Mhz Limit: 2801
Processor Information for processor 7
  Max Mhz: 2801, Current Mhz: 1981, Mhz Limit: 2801

Memory: 4k page, system-wide physical 7413M (527M free)
TotalPageFile size 29941M (AvailPageFile size 0M)
current process WorkingSet (physical memory assigned to process): 69M, peak: 69M
current process commit charge ("private bytes"): 217M, peak: 230M

vm_info: Java HotSpot(TM) 64-Bit Server VM (21.0.2+13-LTS-58) for windows-amd64 JRE (21.0.2+13-LTS-58), built on 2024-01-05T18:32:24Z by "mach5one" with MS VC++ 17.1 (VS2022)

END.
