#
# There is insufficient memory for the Java Runtime Environment to continue.
# Native memory allocation (malloc) failed to allocate 32784 bytes for Chunk::new
# Possible reasons:
#   The system is out of physical RAM or swap space
#   The process is running with CompressedOops enabled, and the Java Heap may be blocking the growth of the native heap
# Possible solutions:
#   Reduce memory load on the system
#   Increase physical memory or swap space
#   Check if swap backing store is full
#   Decrease Java heap size (-Xmx/-Xms)
#   Decrease number of Java threads
#   Decrease Java thread stack sizes (-Xss)
#   Set larger code cache with -XX:ReservedCodeCacheSize=
#   JVM is running with Unscaled Compressed Oops mode in which the Java heap is
#     placed in the first 4GB address space. The Java Heap base address is the
#     maximum limit for the native heap growth. Please use -XX:HeapBaseMinAddress
#     to set the Java Heap base and to place the Java Heap above 4GB virtual address.
# This output file may be truncated or incomplete.
#
#  Out of Memory Error (arena.cpp:168), pid=25280, tid=8788
#
# JRE version: Java(TM) SE Runtime Environment (21.0.2+13) (build 21.0.2+13-LTS-58)
# Java VM: Java HotSpot(TM) 64-Bit Server VM (21.0.2+13-LTS-58, mixed mode, sharing, tiered, compressed oops, compressed class ptrs, g1 gc, windows-amd64)
# No core dump will be written. Minidumps are not enabled by default on client versions of Windows
#

---------------  S U M M A R Y ------------

Command Line: sistemaEmprestimoGUI.registroEmprestimo

Host: AMD Ryzen 5 7520U with Radeon Graphics         , 8 cores, 7G,  Windows 11 , 64 bit Build 22621 (10.0.22621.3527)
Time: Mon May 20 00:27:01 2024 Hora oficial do Brasil elapsed time: 463.365767 seconds (0d 0h 7m 43s)

---------------  T H R E A D  ---------------

Current thread (0x000001b8730a5e60):  JavaThread "C2 CompilerThread0" daemon [_thread_in_native, id=8788, stack(0x0000007f64400000,0x0000007f64500000) (1024K)]


Current CompileTask:
C2: 463365 1598 %     4       sun.java2d.marlin.Renderer::_endRendering @ 2093 (2646 bytes)

Stack: [0x0000007f64400000,0x0000007f64500000]
Native frames: (J=compiled Java code, j=interpreted, Vv=VM code, C=native code)
V  [jvm.dll+0x6cade9]
V  [jvm.dll+0x8569c1]
V  [jvm.dll+0x858d2e]
V  [jvm.dll+0x859413]
V  [jvm.dll+0x280e56]
V  [jvm.dll+0xc3f3d]
V  [jvm.dll+0xc4473]
V  [jvm.dll+0xc4065]
V  [jvm.dll+0x6a7a5c]
V  [jvm.dll+0x251499]
V  [jvm.dll+0x6f0667]
V  [jvm.dll+0x248ed7]
V  [jvm.dll+0x1c9634]
V  [jvm.dll+0x258859]
V  [jvm.dll+0x256e3a]
V  [jvm.dll+0x3ef6c6]
V  [jvm.dll+0x7ff568]
V  [jvm.dll+0x6c953d]
C  [ucrtbase.dll+0x29333]
C  [KERNEL32.DLL+0x1257d]
C  [ntdll.dll+0x5aa48]


---------------  P R O C E S S  ---------------

Threads class SMR info:
_java_thread_list=0x000001b847f1fae0, length=17, elements={
0x000001b8730932e0, 0x000001b873094200, 0x000001b873095fd0, 0x000001b87309cbe0,
0x000001b873099b80, 0x000001b87309a5e0, 0x000001b8730a5e60, 0x000001b8730c8c80,
0x000001b8733ac360, 0x000001b8733acb90, 0x000001b87346faf0, 0x000001b873590840,
0x000001b873593090, 0x000001b8735f6470, 0x000001b8548acc00, 0x000001b847e4ade0,
0x000001b847b13ea0
}

Java Threads: ( => current thread )
  0x000001b8730932e0 JavaThread "Reference Handler"          daemon [_thread_blocked, id=4528, stack(0x0000007f63e00000,0x0000007f63f00000) (1024K)]
  0x000001b873094200 JavaThread "Finalizer"                  daemon [_thread_blocked, id=18636, stack(0x0000007f63f00000,0x0000007f64000000) (1024K)]
  0x000001b873095fd0 JavaThread "Signal Dispatcher"          daemon [_thread_blocked, id=7496, stack(0x0000007f64000000,0x0000007f64100000) (1024K)]
  0x000001b87309cbe0 JavaThread "Attach Listener"            daemon [_thread_blocked, id=4612, stack(0x0000007f64100000,0x0000007f64200000) (1024K)]
  0x000001b873099b80 JavaThread "Service Thread"             daemon [_thread_blocked, id=10036, stack(0x0000007f64200000,0x0000007f64300000) (1024K)]
  0x000001b87309a5e0 JavaThread "Monitor Deflation Thread"   daemon [_thread_blocked, id=15888, stack(0x0000007f64300000,0x0000007f64400000) (1024K)]
=>0x000001b8730a5e60 JavaThread "C2 CompilerThread0"         daemon [_thread_in_native, id=8788, stack(0x0000007f64400000,0x0000007f64500000) (1024K)]
  0x000001b8730c8c80 JavaThread "C1 CompilerThread0"         daemon [_thread_blocked, id=1956, stack(0x0000007f64500000,0x0000007f64600000) (1024K)]
  0x000001b8733ac360 JavaThread "Notification Thread"        daemon [_thread_blocked, id=11872, stack(0x0000007f64600000,0x0000007f64700000) (1024K)]
  0x000001b8733acb90 JavaThread "Common-Cleaner"             daemon [_thread_blocked, id=7876, stack(0x0000007f64700000,0x0000007f64800000) (1024K)]
  0x000001b87346faf0 JavaThread "Java2D Disposer"            daemon [_thread_blocked, id=22512, stack(0x0000007f64800000,0x0000007f64900000) (1024K)]
  0x000001b873590840 JavaThread "AWT-Shutdown"                      [_thread_blocked, id=1928, stack(0x0000007f64900000,0x0000007f64a00000) (1024K)]
  0x000001b873593090 JavaThread "AWT-Windows"                daemon [_thread_in_native, id=25196, stack(0x0000007f64a00000,0x0000007f64b00000) (1024K)]
  0x000001b8735f6470 JavaThread "AWT-EventQueue-0"                  [_thread_blocked, id=7076, stack(0x0000007f64b00000,0x0000007f64c00000) (1024K)]
  0x000001b8548acc00 JavaThread "DestroyJavaVM"                     [_thread_blocked, id=21228, stack(0x0000007f63600000,0x0000007f63700000) (1024K)]
  0x000001b847e4ade0 JavaThread "D3D Screen Updater"         daemon [_thread_blocked, id=23812, stack(0x0000007f65800000,0x0000007f65900000) (1024K)]
  0x000001b847b13ea0 JavaThread "TimerQueue"                 daemon [_thread_blocked, id=12780, stack(0x0000007f65d00000,0x0000007f65e00000) (1024K)]
Total: 17

Other Threads:
  0x000001b873075020 VMThread "VM Thread"                           [id=8036, stack(0x0000007f63d00000,0x0000007f63e00000) (1024K)]
  0x000001b87305c520 WatcherThread "VM Periodic Task Thread"        [id=14040, stack(0x0000007f63c00000,0x0000007f63d00000) (1024K)]
  0x000001b856ad7c60 WorkerThread "GC Thread#0"                     [id=16424, stack(0x0000007f63700000,0x0000007f63800000) (1024K)]
  0x000001b856ae85d0 ConcurrentGCThread "G1 Main Marker"            [id=13692, stack(0x0000007f63800000,0x0000007f63900000) (1024K)]
  0x000001b856ae90d0 WorkerThread "G1 Conc#0"                       [id=12356, stack(0x0000007f63900000,0x0000007f63a00000) (1024K)]
  0x000001b872f330d0 ConcurrentGCThread "G1 Refine#0"               [id=20476, stack(0x0000007f63a00000,0x0000007f63b00000) (1024K)]
  0x000001b856b4ab40 ConcurrentGCThread "G1 Service"                [id=4736, stack(0x0000007f63b00000,0x0000007f63c00000) (1024K)]
Total: 7

Threads with active compile tasks:
C2 CompilerThread0   463384 1598 %     4       sun.java2d.marlin.Renderer::_endRendering @ 2093 (2646 bytes)
Total: 1

VM state: not at safepoint (normal execution)

VM Mutex/Monitor currently owned by a thread: None

Heap address: 0x000000008c200000, size: 1854 MB, Compressed Oops mode: 32-bit

CDS archive(s) mapped at: [0x000001b800000000-0x000001b800c90000-0x000001b800c90000), size 13172736, SharedBaseAddress: 0x000001b800000000, ArchiveRelocationMode: 1.
Compressed class space mapped at: 0x000001b801000000-0x000001b841000000, reserved size: 1073741824
Narrow klass base: 0x000001b800000000, Narrow klass shift: 0, Narrow klass range: 0x100000000

GC Precious Log:
 CardTable entry size: 512
 Card Set container configuration: InlinePtr #cards 5 size 8 Array Of Cards #cards 12 size 40 Howl #buckets 4 coarsen threshold 1843 Howl Bitmap #cards 512 size 80 coarsen threshold 460 Card regions per heap region 1 cards per card region 2048
 CPUs: 8 total, 8 available
 Memory: 7413M
 Large Page Support: Disabled
 NUMA Support: Disabled
 Compressed Oops: Enabled (32-bit)
 Heap Region Size: 1M
 Heap Min Capacity: 8M
 Heap Initial Capacity: 116M
 Heap Max Capacity: 1854M
 Pre-touch: Disabled
 Parallel Workers: 8
 Concurrent Workers: 2
 Concurrent Refinement Workers: 8
 Periodic GC: Disabled

Heap:
 garbage-first heap   total 118784K, used 10240K [0x000000008c200000, 0x0000000100000000)
  region size 1024K, 11 young (11264K), 0 survivors (0K)
 Metaspace       used 11757K, committed 11904K, reserved 1114112K
  class space    used 1323K, committed 1408K, reserved 1048576K

Heap Regions: E=young(eden), S=young(survivor), O=old, HS=humongous(starts), HC=humongous(continues), CS=collection set, F=free, TAMS=top-at-mark-start, PB=parsable bottom
|   0|0x000000008c200000, 0x000000008c200000, 0x000000008c300000|  0%| F|  |TAMS 0x000000008c200000| PB 0x000000008c200000| Untracked 
|   1|0x000000008c300000, 0x000000008c300000, 0x000000008c400000|  0%| F|  |TAMS 0x000000008c300000| PB 0x000000008c300000| Untracked 
|   2|0x000000008c400000, 0x000000008c400000, 0x000000008c500000|  0%| F|  |TAMS 0x000000008c400000| PB 0x000000008c400000| Untracked 
|   3|0x000000008c500000, 0x000000008c500000, 0x000000008c600000|  0%| F|  |TAMS 0x000000008c500000| PB 0x000000008c500000| Untracked 
|   4|0x000000008c600000, 0x000000008c600000, 0x000000008c700000|  0%| F|  |TAMS 0x000000008c600000| PB 0x000000008c600000| Untracked 
|   5|0x000000008c700000, 0x000000008c700000, 0x000000008c800000|  0%| F|  |TAMS 0x000000008c700000| PB 0x000000008c700000| Untracked 
|   6|0x000000008c800000, 0x000000008c800000, 0x000000008c900000|  0%| F|  |TAMS 0x000000008c800000| PB 0x000000008c800000| Untracked 
|   7|0x000000008c900000, 0x000000008c900000, 0x000000008ca00000|  0%| F|  |TAMS 0x000000008c900000| PB 0x000000008c900000| Untracked 
|   8|0x000000008ca00000, 0x000000008ca00000, 0x000000008cb00000|  0%| F|  |TAMS 0x000000008ca00000| PB 0x000000008ca00000| Untracked 
|   9|0x000000008cb00000, 0x000000008cb00000, 0x000000008cc00000|  0%| F|  |TAMS 0x000000008cb00000| PB 0x000000008cb00000| Untracked 
|  10|0x000000008cc00000, 0x000000008cc00000, 0x000000008cd00000|  0%| F|  |TAMS 0x000000008cc00000| PB 0x000000008cc00000| Untracked 
|  11|0x000000008cd00000, 0x000000008cd00000, 0x000000008ce00000|  0%| F|  |TAMS 0x000000008cd00000| PB 0x000000008cd00000| Untracked 
|  12|0x000000008ce00000, 0x000000008ce00000, 0x000000008cf00000|  0%| F|  |TAMS 0x000000008ce00000| PB 0x000000008ce00000| Untracked 
|  13|0x000000008cf00000, 0x000000008cf00000, 0x000000008d000000|  0%| F|  |TAMS 0x000000008cf00000| PB 0x000000008cf00000| Untracked 
|  14|0x000000008d000000, 0x000000008d000000, 0x000000008d100000|  0%| F|  |TAMS 0x000000008d000000| PB 0x000000008d000000| Untracked 
|  15|0x000000008d100000, 0x000000008d100000, 0x000000008d200000|  0%| F|  |TAMS 0x000000008d100000| PB 0x000000008d100000| Untracked 
|  16|0x000000008d200000, 0x000000008d200000, 0x000000008d300000|  0%| F|  |TAMS 0x000000008d200000| PB 0x000000008d200000| Untracked 
|  17|0x000000008d300000, 0x000000008d300000, 0x000000008d400000|  0%| F|  |TAMS 0x000000008d300000| PB 0x000000008d300000| Untracked 
|  18|0x000000008d400000, 0x000000008d400000, 0x000000008d500000|  0%| F|  |TAMS 0x000000008d400000| PB 0x000000008d400000| Untracked 
|  19|0x000000008d500000, 0x000000008d500000, 0x000000008d600000|  0%| F|  |TAMS 0x000000008d500000| PB 0x000000008d500000| Untracked 
|  20|0x000000008d600000, 0x000000008d600000, 0x000000008d700000|  0%| F|  |TAMS 0x000000008d600000| PB 0x000000008d600000| Untracked 
|  21|0x000000008d700000, 0x000000008d700000, 0x000000008d800000|  0%| F|  |TAMS 0x000000008d700000| PB 0x000000008d700000| Untracked 
|  22|0x000000008d800000, 0x000000008d800000, 0x000000008d900000|  0%| F|  |TAMS 0x000000008d800000| PB 0x000000008d800000| Untracked 
|  23|0x000000008d900000, 0x000000008d900000, 0x000000008da00000|  0%| F|  |TAMS 0x000000008d900000| PB 0x000000008d900000| Untracked 
|  24|0x000000008da00000, 0x000000008da00000, 0x000000008db00000|  0%| F|  |TAMS 0x000000008da00000| PB 0x000000008da00000| Untracked 
|  25|0x000000008db00000, 0x000000008db00000, 0x000000008dc00000|  0%| F|  |TAMS 0x000000008db00000| PB 0x000000008db00000| Untracked 
|  26|0x000000008dc00000, 0x000000008dc00000, 0x000000008dd00000|  0%| F|  |TAMS 0x000000008dc00000| PB 0x000000008dc00000| Untracked 
|  27|0x000000008dd00000, 0x000000008dd00000, 0x000000008de00000|  0%| F|  |TAMS 0x000000008dd00000| PB 0x000000008dd00000| Untracked 
|  28|0x000000008de00000, 0x000000008de00000, 0x000000008df00000|  0%| F|  |TAMS 0x000000008de00000| PB 0x000000008de00000| Untracked 
|  29|0x000000008df00000, 0x000000008df00000, 0x000000008e000000|  0%| F|  |TAMS 0x000000008df00000| PB 0x000000008df00000| Untracked 
|  30|0x000000008e000000, 0x000000008e000000, 0x000000008e100000|  0%| F|  |TAMS 0x000000008e000000| PB 0x000000008e000000| Untracked 
|  31|0x000000008e100000, 0x000000008e100000, 0x000000008e200000|  0%| F|  |TAMS 0x000000008e100000| PB 0x000000008e100000| Untracked 
|  32|0x000000008e200000, 0x000000008e200000, 0x000000008e300000|  0%| F|  |TAMS 0x000000008e200000| PB 0x000000008e200000| Untracked 
|  33|0x000000008e300000, 0x000000008e300000, 0x000000008e400000|  0%| F|  |TAMS 0x000000008e300000| PB 0x000000008e300000| Untracked 
|  34|0x000000008e400000, 0x000000008e400000, 0x000000008e500000|  0%| F|  |TAMS 0x000000008e400000| PB 0x000000008e400000| Untracked 
|  35|0x000000008e500000, 0x000000008e500000, 0x000000008e600000|  0%| F|  |TAMS 0x000000008e500000| PB 0x000000008e500000| Untracked 
|  36|0x000000008e600000, 0x000000008e600000, 0x000000008e700000|  0%| F|  |TAMS 0x000000008e600000| PB 0x000000008e600000| Untracked 
|  37|0x000000008e700000, 0x000000008e700000, 0x000000008e800000|  0%| F|  |TAMS 0x000000008e700000| PB 0x000000008e700000| Untracked 
|  38|0x000000008e800000, 0x000000008e800000, 0x000000008e900000|  0%| F|  |TAMS 0x000000008e800000| PB 0x000000008e800000| Untracked 
|  39|0x000000008e900000, 0x000000008e900000, 0x000000008ea00000|  0%| F|  |TAMS 0x000000008e900000| PB 0x000000008e900000| Untracked 
|  40|0x000000008ea00000, 0x000000008ea00000, 0x000000008eb00000|  0%| F|  |TAMS 0x000000008ea00000| PB 0x000000008ea00000| Untracked 
|  41|0x000000008eb00000, 0x000000008eb00000, 0x000000008ec00000|  0%| F|  |TAMS 0x000000008eb00000| PB 0x000000008eb00000| Untracked 
|  42|0x000000008ec00000, 0x000000008ec00000, 0x000000008ed00000|  0%| F|  |TAMS 0x000000008ec00000| PB 0x000000008ec00000| Untracked 
|  43|0x000000008ed00000, 0x000000008ed00000, 0x000000008ee00000|  0%| F|  |TAMS 0x000000008ed00000| PB 0x000000008ed00000| Untracked 
|  44|0x000000008ee00000, 0x000000008ee00000, 0x000000008ef00000|  0%| F|  |TAMS 0x000000008ee00000| PB 0x000000008ee00000| Untracked 
|  45|0x000000008ef00000, 0x000000008ef00000, 0x000000008f000000|  0%| F|  |TAMS 0x000000008ef00000| PB 0x000000008ef00000| Untracked 
|  46|0x000000008f000000, 0x000000008f000000, 0x000000008f100000|  0%| F|  |TAMS 0x000000008f000000| PB 0x000000008f000000| Untracked 
|  47|0x000000008f100000, 0x000000008f100000, 0x000000008f200000|  0%| F|  |TAMS 0x000000008f100000| PB 0x000000008f100000| Untracked 
|  48|0x000000008f200000, 0x000000008f200000, 0x000000008f300000|  0%| F|  |TAMS 0x000000008f200000| PB 0x000000008f200000| Untracked 
|  49|0x000000008f300000, 0x000000008f300000, 0x000000008f400000|  0%| F|  |TAMS 0x000000008f300000| PB 0x000000008f300000| Untracked 
|  50|0x000000008f400000, 0x000000008f400000, 0x000000008f500000|  0%| F|  |TAMS 0x000000008f400000| PB 0x000000008f400000| Untracked 
|  51|0x000000008f500000, 0x000000008f500000, 0x000000008f600000|  0%| F|  |TAMS 0x000000008f500000| PB 0x000000008f500000| Untracked 
|  52|0x000000008f600000, 0x000000008f600000, 0x000000008f700000|  0%| F|  |TAMS 0x000000008f600000| PB 0x000000008f600000| Untracked 
|  53|0x000000008f700000, 0x000000008f700000, 0x000000008f800000|  0%| F|  |TAMS 0x000000008f700000| PB 0x000000008f700000| Untracked 
|  54|0x000000008f800000, 0x000000008f800000, 0x000000008f900000|  0%| F|  |TAMS 0x000000008f800000| PB 0x000000008f800000| Untracked 
|  55|0x000000008f900000, 0x000000008f900000, 0x000000008fa00000|  0%| F|  |TAMS 0x000000008f900000| PB 0x000000008f900000| Untracked 
|  56|0x000000008fa00000, 0x000000008fa00000, 0x000000008fb00000|  0%| F|  |TAMS 0x000000008fa00000| PB 0x000000008fa00000| Untracked 
|  57|0x000000008fb00000, 0x000000008fb00000, 0x000000008fc00000|  0%| F|  |TAMS 0x000000008fb00000| PB 0x000000008fb00000| Untracked 
|  58|0x000000008fc00000, 0x000000008fc00000, 0x000000008fd00000|  0%| F|  |TAMS 0x000000008fc00000| PB 0x000000008fc00000| Untracked 
|  59|0x000000008fd00000, 0x000000008fd00000, 0x000000008fe00000|  0%| F|  |TAMS 0x000000008fd00000| PB 0x000000008fd00000| Untracked 
|  60|0x000000008fe00000, 0x000000008fe00000, 0x000000008ff00000|  0%| F|  |TAMS 0x000000008fe00000| PB 0x000000008fe00000| Untracked 
|  61|0x000000008ff00000, 0x000000008ff00000, 0x0000000090000000|  0%| F|  |TAMS 0x000000008ff00000| PB 0x000000008ff00000| Untracked 
|  62|0x0000000090000000, 0x0000000090000000, 0x0000000090100000|  0%| F|  |TAMS 0x0000000090000000| PB 0x0000000090000000| Untracked 
|  63|0x0000000090100000, 0x0000000090100000, 0x0000000090200000|  0%| F|  |TAMS 0x0000000090100000| PB 0x0000000090100000| Untracked 
|  64|0x0000000090200000, 0x0000000090200000, 0x0000000090300000|  0%| F|  |TAMS 0x0000000090200000| PB 0x0000000090200000| Untracked 
|  65|0x0000000090300000, 0x0000000090300000, 0x0000000090400000|  0%| F|  |TAMS 0x0000000090300000| PB 0x0000000090300000| Untracked 
|  66|0x0000000090400000, 0x0000000090400000, 0x0000000090500000|  0%| F|  |TAMS 0x0000000090400000| PB 0x0000000090400000| Untracked 
|  67|0x0000000090500000, 0x0000000090500000, 0x0000000090600000|  0%| F|  |TAMS 0x0000000090500000| PB 0x0000000090500000| Untracked 
|  68|0x0000000090600000, 0x0000000090600000, 0x0000000090700000|  0%| F|  |TAMS 0x0000000090600000| PB 0x0000000090600000| Untracked 
|  69|0x0000000090700000, 0x0000000090700000, 0x0000000090800000|  0%| F|  |TAMS 0x0000000090700000| PB 0x0000000090700000| Untracked 
|  70|0x0000000090800000, 0x0000000090800000, 0x0000000090900000|  0%| F|  |TAMS 0x0000000090800000| PB 0x0000000090800000| Untracked 
|  71|0x0000000090900000, 0x0000000090900000, 0x0000000090a00000|  0%| F|  |TAMS 0x0000000090900000| PB 0x0000000090900000| Untracked 
|  72|0x0000000090a00000, 0x0000000090a00000, 0x0000000090b00000|  0%| F|  |TAMS 0x0000000090a00000| PB 0x0000000090a00000| Untracked 
|  73|0x0000000090b00000, 0x0000000090b00000, 0x0000000090c00000|  0%| F|  |TAMS 0x0000000090b00000| PB 0x0000000090b00000| Untracked 
|  74|0x0000000090c00000, 0x0000000090c00000, 0x0000000090d00000|  0%| F|  |TAMS 0x0000000090c00000| PB 0x0000000090c00000| Untracked 
|  75|0x0000000090d00000, 0x0000000090d00000, 0x0000000090e00000|  0%| F|  |TAMS 0x0000000090d00000| PB 0x0000000090d00000| Untracked 
|  76|0x0000000090e00000, 0x0000000090e00000, 0x0000000090f00000|  0%| F|  |TAMS 0x0000000090e00000| PB 0x0000000090e00000| Untracked 
|  77|0x0000000090f00000, 0x0000000090f00000, 0x0000000091000000|  0%| F|  |TAMS 0x0000000090f00000| PB 0x0000000090f00000| Untracked 
|  78|0x0000000091000000, 0x0000000091000000, 0x0000000091100000|  0%| F|  |TAMS 0x0000000091000000| PB 0x0000000091000000| Untracked 
|  79|0x0000000091100000, 0x0000000091100000, 0x0000000091200000|  0%| F|  |TAMS 0x0000000091100000| PB 0x0000000091100000| Untracked 
|  80|0x0000000091200000, 0x0000000091200000, 0x0000000091300000|  0%| F|  |TAMS 0x0000000091200000| PB 0x0000000091200000| Untracked 
|  81|0x0000000091300000, 0x0000000091300000, 0x0000000091400000|  0%| F|  |TAMS 0x0000000091300000| PB 0x0000000091300000| Untracked 
|  82|0x0000000091400000, 0x0000000091400000, 0x0000000091500000|  0%| F|  |TAMS 0x0000000091400000| PB 0x0000000091400000| Untracked 
|  83|0x0000000091500000, 0x0000000091500000, 0x0000000091600000|  0%| F|  |TAMS 0x0000000091500000| PB 0x0000000091500000| Untracked 
|  84|0x0000000091600000, 0x0000000091600000, 0x0000000091700000|  0%| F|  |TAMS 0x0000000091600000| PB 0x0000000091600000| Untracked 
|  85|0x0000000091700000, 0x0000000091700000, 0x0000000091800000|  0%| F|  |TAMS 0x0000000091700000| PB 0x0000000091700000| Untracked 
|  86|0x0000000091800000, 0x0000000091800000, 0x0000000091900000|  0%| F|  |TAMS 0x0000000091800000| PB 0x0000000091800000| Untracked 
|  87|0x0000000091900000, 0x0000000091900000, 0x0000000091a00000|  0%| F|  |TAMS 0x0000000091900000| PB 0x0000000091900000| Untracked 
|  88|0x0000000091a00000, 0x0000000091a00000, 0x0000000091b00000|  0%| F|  |TAMS 0x0000000091a00000| PB 0x0000000091a00000| Untracked 
|  89|0x0000000091b00000, 0x0000000091b00000, 0x0000000091c00000|  0%| F|  |TAMS 0x0000000091b00000| PB 0x0000000091b00000| Untracked 
|  90|0x0000000091c00000, 0x0000000091c00000, 0x0000000091d00000|  0%| F|  |TAMS 0x0000000091c00000| PB 0x0000000091c00000| Untracked 
|  91|0x0000000091d00000, 0x0000000091d00000, 0x0000000091e00000|  0%| F|  |TAMS 0x0000000091d00000| PB 0x0000000091d00000| Untracked 
|  92|0x0000000091e00000, 0x0000000091e00000, 0x0000000091f00000|  0%| F|  |TAMS 0x0000000091e00000| PB 0x0000000091e00000| Untracked 
|  93|0x0000000091f00000, 0x0000000091f00000, 0x0000000092000000|  0%| F|  |TAMS 0x0000000091f00000| PB 0x0000000091f00000| Untracked 
|  94|0x0000000092000000, 0x0000000092000000, 0x0000000092100000|  0%| F|  |TAMS 0x0000000092000000| PB 0x0000000092000000| Untracked 
|  95|0x0000000092100000, 0x0000000092100000, 0x0000000092200000|  0%| F|  |TAMS 0x0000000092100000| PB 0x0000000092100000| Untracked 
|  96|0x0000000092200000, 0x0000000092200000, 0x0000000092300000|  0%| F|  |TAMS 0x0000000092200000| PB 0x0000000092200000| Untracked 
|  97|0x0000000092300000, 0x0000000092300000, 0x0000000092400000|  0%| F|  |TAMS 0x0000000092300000| PB 0x0000000092300000| Untracked 
|  98|0x0000000092400000, 0x0000000092400000, 0x0000000092500000|  0%| F|  |TAMS 0x0000000092400000| PB 0x0000000092400000| Untracked 
|  99|0x0000000092500000, 0x0000000092500000, 0x0000000092600000|  0%| F|  |TAMS 0x0000000092500000| PB 0x0000000092500000| Untracked 
| 100|0x0000000092600000, 0x0000000092600000, 0x0000000092700000|  0%| F|  |TAMS 0x0000000092600000| PB 0x0000000092600000| Untracked 
| 101|0x0000000092700000, 0x0000000092700000, 0x0000000092800000|  0%| F|  |TAMS 0x0000000092700000| PB 0x0000000092700000| Untracked 
| 102|0x0000000092800000, 0x0000000092800000, 0x0000000092900000|  0%| F|  |TAMS 0x0000000092800000| PB 0x0000000092800000| Untracked 
| 103|0x0000000092900000, 0x0000000092900000, 0x0000000092a00000|  0%| F|  |TAMS 0x0000000092900000| PB 0x0000000092900000| Untracked 
| 104|0x0000000092a00000, 0x0000000092a00000, 0x0000000092b00000|  0%| F|  |TAMS 0x0000000092a00000| PB 0x0000000092a00000| Untracked 
| 105|0x0000000092b00000, 0x0000000092bedc90, 0x0000000092c00000| 92%| E|  |TAMS 0x0000000092b00000| PB 0x0000000092b00000| Complete 
| 106|0x0000000092c00000, 0x0000000092d00000, 0x0000000092d00000|100%| E|CS|TAMS 0x0000000092c00000| PB 0x0000000092c00000| Complete 
| 107|0x0000000092d00000, 0x0000000092e00000, 0x0000000092e00000|100%| E|CS|TAMS 0x0000000092d00000| PB 0x0000000092d00000| Complete 
| 108|0x0000000092e00000, 0x0000000092f00000, 0x0000000092f00000|100%| E|CS|TAMS 0x0000000092e00000| PB 0x0000000092e00000| Complete 
| 109|0x0000000092f00000, 0x0000000093000000, 0x0000000093000000|100%| E|CS|TAMS 0x0000000092f00000| PB 0x0000000092f00000| Complete 
| 110|0x0000000093000000, 0x0000000093100000, 0x0000000093100000|100%| E|CS|TAMS 0x0000000093000000| PB 0x0000000093000000| Complete 
| 111|0x0000000093100000, 0x0000000093200000, 0x0000000093200000|100%| E|CS|TAMS 0x0000000093100000| PB 0x0000000093100000| Complete 
| 112|0x0000000093200000, 0x0000000093300000, 0x0000000093300000|100%| E|CS|TAMS 0x0000000093200000| PB 0x0000000093200000| Complete 
| 113|0x0000000093300000, 0x0000000093400000, 0x0000000093400000|100%| E|CS|TAMS 0x0000000093300000| PB 0x0000000093300000| Complete 
| 114|0x0000000093400000, 0x0000000093500000, 0x0000000093500000|100%| E|CS|TAMS 0x0000000093400000| PB 0x0000000093400000| Complete 
| 115|0x0000000093500000, 0x0000000093600000, 0x0000000093600000|100%| E|CS|TAMS 0x0000000093500000| PB 0x0000000093500000| Complete 

Card table byte_map: [0x000001b86e5d0000,0x000001b86e970000] _byte_map_base: 0x000001b86e16f000

Marking Bits: (CMBitMap*) 0x000001b856ad8b70
 Bits: [0x000001b86e970000, 0x000001b870668000)

Polling page: 0x000001b856250000

Metaspace:

Usage:
  Non-class:     10.19 MB used.
      Class:      1.29 MB used.
       Both:     11.48 MB used.

Virtual space:
  Non-class space:       64.00 MB reserved,      10.25 MB ( 16%) committed,  1 nodes.
      Class space:        1.00 GB reserved,       1.38 MB ( <1%) committed,  1 nodes.
             Both:        1.06 GB reserved,      11.62 MB (  1%) committed. 

Chunk freelists:
   Non-Class:  5.00 MB
       Class:  14.60 MB
        Both:  19.60 MB

MaxMetaspaceSize: unlimited
CompressedClassSpaceSize: 1.00 GB
Initial GC threshold: 21.00 MB
Current GC threshold: 21.00 MB
CDS: on
 - commit_granule_bytes: 65536.
 - commit_granule_words: 8192.
 - virtual_space_node_default_size: 8388608.
 - enlarge_chunks_in_place: 1.
 - use_allocation_guard: 0.


Internal statistics:

num_allocs_failed_limit: 0.
num_arena_births: 162.
num_arena_deaths: 0.
num_vsnodes_births: 2.
num_vsnodes_deaths: 0.
num_space_committed: 186.
num_space_uncommitted: 0.
num_chunks_returned_to_freelist: 0.
num_chunks_taken_from_freelist: 211.
num_chunk_merges: 0.
num_chunk_splits: 124.
num_chunks_enlarged: 56.
num_inconsistent_stats: 0.

CodeHeap 'non-profiled nmethods': size=120000Kb used=488Kb max_used=488Kb free=119511Kb
 bounds [0x000001b8669c0000, 0x000001b866c30000, 0x000001b86def0000]
CodeHeap 'profiled nmethods': size=120000Kb used=3066Kb max_used=3066Kb free=116933Kb
 bounds [0x000001b85eef0000, 0x000001b85f1f0000, 0x000001b866420000]
CodeHeap 'non-nmethods': size=5760Kb used=1636Kb max_used=1666Kb free=4123Kb
 bounds [0x000001b866420000, 0x000001b866690000, 0x000001b8669c0000]
 total_blobs=2288 nmethods=1600 adapters=592
 compilation: enabled
              stopped_count=0, restarted_count=0
 full_count=0

Compilation events (20 events):
Event: 22.116 Thread 0x000001b8730c8c80 nmethod 1591 0x000001b85f1e6c10 code [0x000001b85f1e6dc0, 0x000001b85f1e6fe8]
Event: 457.915 Thread 0x000001b8730a5e60 1592       4       java.util.Arrays::copyOf (40 bytes)
Event: 457.929 Thread 0x000001b8730a5e60 nmethod 1592 0x000001b866a39910 code [0x000001b866a39ac0, 0x000001b866a39f60]
Event: 463.331 Thread 0x000001b8730c8c80 1593       3       sun.java2d.pipe.Region::clipRound (34 bytes)
Event: 463.332 Thread 0x000001b8730c8c80 nmethod 1593 0x000001b85f1e7090 code [0x000001b85f1e7280, 0x000001b85f1e7530]
Event: 463.344 Thread 0x000001b8730c8c80 1594 %     3       javax.swing.plaf.nimbus.InnerShadowEffect::applyEffect @ 491 (604 bytes)
Event: 463.349 Thread 0x000001b8730c8c80 nmethod 1594% 0x000001b85f1e7610 code [0x000001b85f1e7a20, 0x000001b85f1e9758]
Event: 463.354 Thread 0x000001b8730c8c80 1595       3       sun.java2d.SurfaceData::getPaintSurfaceType (144 bytes)
Event: 463.355 Thread 0x000001b8730c8c80 nmethod 1595 0x000001b85f1ea710 code [0x000001b85f1ea960, 0x000001b85f1eb168]
Event: 463.355 Thread 0x000001b8730c8c80 1596       3       sun.java2d.SurfaceData::getFillCompositeType (32 bytes)
Event: 463.355 Thread 0x000001b8730c8c80 nmethod 1596 0x000001b85f1eb310 code [0x000001b85f1eb4c0, 0x000001b85f1eb680]
Event: 463.355 Thread 0x000001b8730c8c80 1597       3       javax.swing.plaf.nimbus.AbstractRegionPainter::decodeColor (14 bytes)
Event: 463.355 Thread 0x000001b8730a5e60 1598 %     4       sun.java2d.marlin.Renderer::_endRendering @ 2093 (2646 bytes)
Event: 463.356 Thread 0x000001b8730c8c80 nmethod 1597 0x000001b85f1eb710 code [0x000001b85f1eb8e0, 0x000001b85f1ebbe8]
Event: 463.356 Thread 0x000001b8730c8c80 1600       3       sun.java2d.pipe.DrawImage::scaleImage (84 bytes)
Event: 463.357 Thread 0x000001b8730c8c80 nmethod 1600 0x000001b85f1ebd10 code [0x000001b85f1ebf20, 0x000001b85f1ec5c8]
Event: 463.357 Thread 0x000001b8730c8c80 1601       3       javax.swing.plaf.nimbus.NimbusDefaults::getStyle (171 bytes)
Event: 463.359 Thread 0x000001b8730c8c80 nmethod 1601 0x000001b85f1ec790 code [0x000001b85f1eca20, 0x000001b85f1ed6b0]
Event: 463.359 Thread 0x000001b8730c8c80 1599       3       sun.awt.geom.Curve::accumulateExtremaBoundsForCubic (290 bytes)
Event: 463.360 Thread 0x000001b8730c8c80 nmethod 1599 0x000001b85f1eda90 code [0x000001b85f1edd20, 0x000001b85f1ee5e8]

GC Heap History (0 events):
No events

Dll operation events (9 events):
Event: 0.007 Loaded shared library C:\Program Files\Java\jdk-21\bin\java.dll
Event: 0.037 Loaded shared library C:\Program Files\Java\jdk-21\bin\jsvml.dll
Event: 0.069 Loaded shared library C:\Program Files\Java\jdk-21\bin\jimage.dll
Event: 0.075 Loaded shared library C:\Program Files\Java\jdk-21\bin\net.dll
Event: 0.077 Loaded shared library C:\Program Files\Java\jdk-21\bin\nio.dll
Event: 0.082 Loaded shared library C:\Program Files\Java\jdk-21\bin\zip.dll
Event: 0.105 Loaded shared library C:\Program Files\Java\jdk-21\bin\awt.dll
Event: 0.265 Loaded shared library C:\Program Files\Java\jdk-21\bin\freetype.dll
Event: 0.266 Loaded shared library C:\Program Files\Java\jdk-21\bin\fontmanager.dll

Deoptimization events (20 events):
Event: 6.968 Thread 0x000001b8735f6470 DEOPT PACKING pc=0x000001b8669e2648 sp=0x0000007f64bfe020
Event: 6.968 Thread 0x000001b8735f6470 DEOPT UNPACKING pc=0x000001b8664746a2 sp=0x0000007f64bfdfa8 mode 2
Event: 6.993 Thread 0x000001b8735f6470 DEOPT PACKING pc=0x000001b85f04efcd sp=0x0000007f64bfd0e0
Event: 6.993 Thread 0x000001b8735f6470 DEOPT UNPACKING pc=0x000001b866474e42 sp=0x0000007f64bfc590 mode 0
Event: 10.109 Thread 0x000001b8735f6470 Uncommon trap: trap_request=0xffffff45 fr.pc=0x000001b866a1c35c relative=0x00000000000000bc
Event: 10.109 Thread 0x000001b8735f6470 Uncommon trap: reason=unstable_if action=reinterpret pc=0x000001b866a1c35c method=java.awt.Component.inside(II)Z @ 21 c2
Event: 10.109 Thread 0x000001b8735f6470 DEOPT PACKING pc=0x000001b866a1c35c sp=0x0000007f64bfe9f0
Event: 10.109 Thread 0x000001b8735f6470 DEOPT UNPACKING pc=0x000001b8664746a2 sp=0x0000007f64bfe888 mode 2
Event: 14.805 Thread 0x000001b8735f6470 Uncommon trap: trap_request=0xffffffde fr.pc=0x000001b8669e2648 relative=0x00000000000001a8
Event: 14.805 Thread 0x000001b8735f6470 Uncommon trap: reason=class_check action=maybe_recompile pc=0x000001b8669e2648 method=java.lang.String.equals(Ljava/lang/Object;)Z @ 8 c2
Event: 14.805 Thread 0x000001b8735f6470 DEOPT PACKING pc=0x000001b8669e2648 sp=0x0000007f64bfe3b0
Event: 14.805 Thread 0x000001b8735f6470 DEOPT UNPACKING pc=0x000001b8664746a2 sp=0x0000007f64bfe338 mode 2
Event: 14.806 Thread 0x000001b8735f6470 Uncommon trap: trap_request=0xffffffde fr.pc=0x000001b8669e2648 relative=0x00000000000001a8
Event: 14.806 Thread 0x000001b8735f6470 Uncommon trap: reason=class_check action=maybe_recompile pc=0x000001b8669e2648 method=java.lang.String.equals(Ljava/lang/Object;)Z @ 8 c2
Event: 14.806 Thread 0x000001b8735f6470 DEOPT PACKING pc=0x000001b8669e2648 sp=0x0000007f64bfe1e0
Event: 14.806 Thread 0x000001b8735f6470 DEOPT UNPACKING pc=0x000001b8664746a2 sp=0x0000007f64bfe168 mode 2
Event: 458.020 Thread 0x000001b847e4ade0 Uncommon trap: trap_request=0xffffffcc fr.pc=0x000001b866a39d14 relative=0x0000000000000254
Event: 458.020 Thread 0x000001b847e4ade0 Uncommon trap: reason=intrinsic_or_type_checked_inlining action=make_not_entrant pc=0x000001b866a39d14 method=java.util.Arrays.copyOf([Ljava/lang/Object;ILjava/lang/Class;)[Ljava/lang/Object; @ 35 c2
Event: 458.020 Thread 0x000001b847e4ade0 DEOPT PACKING pc=0x000001b866a39d14 sp=0x0000007f658ff320
Event: 458.021 Thread 0x000001b847e4ade0 DEOPT UNPACKING pc=0x000001b8664746a2 sp=0x0000007f658ff2b0 mode 2

Classes loaded (20 events):
Event: 7.389 Loading class javax/swing/TimerQueue
Event: 7.389 Loading class javax/swing/TimerQueue done
Event: 7.389 Loading class java/util/concurrent/DelayQueue
Event: 7.389 Loading class java/util/concurrent/BlockingQueue
Event: 7.389 Loading class java/util/concurrent/BlockingQueue done
Event: 7.389 Loading class java/util/concurrent/DelayQueue done
Event: 7.390 Loading class java/util/PriorityQueue
Event: 7.390 Loading class java/util/PriorityQueue done
Event: 7.391 Loading class javax/swing/TimerQueue$DelayedTimer
Event: 7.391 Loading class java/util/concurrent/Delayed
Event: 7.391 Loading class java/util/concurrent/Delayed done
Event: 7.392 Loading class javax/swing/TimerQueue$DelayedTimer done
Event: 10.629 Loading class java/awt/LightweightDispatcher$2
Event: 10.629 Loading class java/awt/LightweightDispatcher$2 done
Event: 11.092 Loading class javax/swing/Timer$1
Event: 11.092 Loading class javax/swing/Timer$1 done
Event: 11.353 Loading class javax/swing/Autoscroller
Event: 11.353 Loading class javax/swing/Autoscroller done
Event: 11.360 Loading class javax/swing/plaf/basic/BasicPopupMenuUI$MouseGrabber$2
Event: 11.360 Loading class javax/swing/plaf/basic/BasicPopupMenuUI$MouseGrabber$2 done

Classes unloaded (0 events):
No events

Classes redefined (0 events):
No events

Internal exceptions (20 events):
Event: 0.322 Thread 0x000001b8548acc00 Exception <a 'java/lang/ClassNotFoundException'{0x0000000093049000}: javax/swing/JToolBarSeparator> (0x0000000093049000) 
thrown [s\open\src\hotspot\share\classfile\systemDictionary.cpp, line 312]
Event: 0.322 Thread 0x000001b8548acc00 Exception <a 'java/lang/ClassNotFoundException'{0x0000000093049310}: ToolBarSeparator> (0x0000000093049310) 
thrown [s\open\src\hotspot\share\classfile\systemDictionary.cpp, line 312]
Event: 0.322 Thread 0x000001b8548acc00 Exception <a 'java/lang/ClassNotFoundException'{0x0000000093049818}: ToolTip> (0x0000000093049818) 
thrown [s\open\src\hotspot\share\classfile\systemDictionary.cpp, line 312]
Event: 0.323 Thread 0x000001b8548acc00 Exception <a 'java/lang/ClassNotFoundException'{0x000000009304a158}: Tree> (0x000000009304a158) 
thrown [s\open\src\hotspot\share\classfile\systemDictionary.cpp, line 312]
Event: 0.324 Thread 0x000001b8548acc00 Exception <a 'java/lang/ClassNotFoundException'{0x000000009304a650}: Tree> (0x000000009304a650) 
thrown [s\open\src\hotspot\share\classfile\systemDictionary.cpp, line 312]
Event: 0.324 Thread 0x000001b8548acc00 Exception <a 'java/lang/ClassNotFoundException'{0x000000009304a9c0}: javax/swing/JTreeCell> (0x000000009304a9c0) 
thrown [s\open\src\hotspot\share\classfile\systemDictionary.cpp, line 312]
Event: 0.324 Thread 0x000001b8548acc00 Exception <a 'java/lang/ClassNotFoundException'{0x000000009304acc8}: TreeCell> (0x000000009304acc8) 
thrown [s\open\src\hotspot\share\classfile\systemDictionary.cpp, line 312]
Event: 0.324 Thread 0x000001b8548acc00 Exception <a 'java/lang/ClassNotFoundException'{0x000000009304b470}: RootPane> (0x000000009304b470) 
thrown [s\open\src\hotspot\share\classfile\systemDictionary.cpp, line 312]
Event: 0.328 Thread 0x000001b8548acc00 Exception <a 'java/lang/ClassNotFoundException'{0x000000009304e200}: com/sun/swing/internal/plaf/metal/resources/spi/metalProvider> (0x000000009304e200) 
thrown [s\open\src\hotspot\share\classfile\systemDictionary.cpp, line 312]
Event: 0.330 Thread 0x000001b8548acc00 Exception <a 'java/lang/ClassNotFoundException'{0x0000000093051eb0}: com/sun/swing/internal/plaf/basic/resources/spi/basicProvider> (0x0000000093051eb0) 
thrown [s\open\src\hotspot\share\classfile\systemDictionary.cpp, line 312]
Event: 0.439 Thread 0x000001b8735f6470 Exception <a 'java/lang/ClassNotFoundException'{0x0000000092f03878}: com/sun/swing/internal/plaf/synth/resources/spi/synthProvider> (0x0000000092f03878) 
thrown [s\open\src\hotspot\share\classfile\systemDictionary.cpp, line 312]
Event: 0.462 Thread 0x000001b8735f6470 Exception <a 'java/lang/NoSuchMethodError'{0x0000000092f46fd8}: 'int java.lang.invoke.Invokers$Holder.invokeExact_MT(java.lang.Object, java.lang.Object)'> (0x0000000092f46fd8) 
thrown [s\open\src\hotspot\share\interpreter\linkResolver.cpp, line 773]
Event: 0.470 Thread 0x000001b8735f6470 Exception <a 'java/lang/NoSuchMethodError'{0x0000000092f4ec48}: 'java.lang.Object java.lang.invoke.DirectMethodHandle$Holder.newInvokeSpecial(java.lang.Object, java.lang.Object, int)'> (0x0000000092f4ec48) 
thrown [s\open\src\hotspot\share\interpreter\linkResolver.cpp, line 773]
Event: 0.471 Thread 0x000001b8735f6470 Exception <a 'java/lang/NoSuchMethodError'{0x0000000092f53af8}: 'int java.lang.invoke.DirectMethodHandle$Holder.invokeSpecial(java.lang.Object, java.lang.Object, java.lang.Object, int)'> (0x0000000092f53af8) 
thrown [s\open\src\hotspot\share\interpreter\linkResolver.cpp, line 773]
Event: 0.472 Thread 0x000001b8735f6470 Exception <a 'java/lang/NoSuchMethodError'{0x0000000092f66150}: 'java.lang.Object java.lang.invoke.DirectMethodHandle$Holder.invokeStatic(java.lang.Object, java.lang.Object, java.lang.Object, java.lang.Object, int)'> (0x0000000092f66150) 
thrown [s\open\src\hotspot\share\interpreter\linkResolver.cpp, line 773]
Event: 0.473 Thread 0x000001b8735f6470 Exception <a 'java/lang/NoSuchMethodError'{0x0000000092f6e658}: 'int java.lang.invoke.DirectMethodHandle$Holder.invokeSpecial(java.lang.Object, java.lang.Object, java.lang.Object)'> (0x0000000092f6e658) 
thrown [s\open\src\hotspot\share\interpreter\linkResolver.cpp, line 773]
Event: 0.559 Thread 0x000001b8735f6470 Exception <a 'java/lang/NoSuchMethodError'{0x0000000092ff2768}: 'void java.lang.invoke.DirectMethodHandle$Holder.invokeStatic(java.lang.Object, java.lang.Object, java.lang.Object)'> (0x0000000092ff2768) 
thrown [s\open\src\hotspot\share\interpreter\linkResolver.cpp, line 773]
Event: 0.559 Thread 0x000001b8735f6470 Exception <a 'java/lang/NoSuchMethodError'{0x0000000092ff8338}: 'void java.lang.invoke.DirectMethodHandle$Holder.invokeStatic(java.lang.Object, java.lang.Object)'> (0x0000000092ff8338) 
thrown [s\open\src\hotspot\share\interpreter\linkResolver.cpp, line 773]
Event: 0.596 Thread 0x000001b873593090 Exception <a 'java/lang/NoSuchMethodError'{0x0000000093284a20}: 'void java.lang.invoke.DirectMethodHandle$Holder.invokeVirtual(java.lang.Object, java.lang.Object)'> (0x0000000093284a20) 
thrown [s\open\src\hotspot\share\interpreter\linkResolver.cpp, line 773]
Event: 0.620 Thread 0x000001b8735f6470 Exception <a 'java/lang/NoSuchMethodError'{0x0000000092e3ae20}: 'void java.lang.invoke.DirectMethodHandle$Holder.invokeStaticInit(java.lang.Object)'> (0x0000000092e3ae20) 
thrown [s\open\src\hotspot\share\interpreter\linkResolver.cpp, line 773]

ZGC Phase Switch (0 events):
No events

VM Operations (20 events):
Event: 9.998 Executing VM operation: Cleanup
Event: 9.998 Executing VM operation: Cleanup done
Event: 11.000 Executing VM operation: Cleanup
Event: 11.000 Executing VM operation: Cleanup done
Event: 11.352 Executing VM operation: HandshakeAllThreads (Deoptimize)
Event: 11.352 Executing VM operation: HandshakeAllThreads (Deoptimize) done
Event: 12.355 Executing VM operation: Cleanup
Event: 12.355 Executing VM operation: Cleanup done
Event: 14.370 Executing VM operation: Cleanup
Event: 14.370 Executing VM operation: Cleanup done
Event: 15.375 Executing VM operation: Cleanup
Event: 15.375 Executing VM operation: Cleanup done
Event: 16.386 Executing VM operation: Cleanup
Event: 16.386 Executing VM operation: Cleanup done
Event: 17.399 Executing VM operation: Cleanup
Event: 17.399 Executing VM operation: Cleanup done
Event: 60.014 Executing VM operation: HandshakeAllThreads (HandshakeForDeflation)
Event: 60.014 Executing VM operation: HandshakeAllThreads (HandshakeForDeflation) done
Event: 60.014 Executing VM operation: RendezvousGCThreads
Event: 60.014 Executing VM operation: RendezvousGCThreads done

Events (19 events):
Event: 0.022 Thread 0x000001b8548acc00 Thread added: 0x000001b8548acc00
Event: 0.034 Thread 0x000001b8730932e0 Thread added: 0x000001b8730932e0
Event: 0.034 Thread 0x000001b873094200 Thread added: 0x000001b873094200
Event: 0.035 Thread 0x000001b873095fd0 Thread added: 0x000001b873095fd0
Event: 0.035 Thread 0x000001b87309cbe0 Thread added: 0x000001b87309cbe0
Event: 0.035 Thread 0x000001b873099b80 Thread added: 0x000001b873099b80
Event: 0.035 Thread 0x000001b87309a5e0 Thread added: 0x000001b87309a5e0
Event: 0.035 Thread 0x000001b8730a5e60 Thread added: 0x000001b8730a5e60
Event: 0.035 Thread 0x000001b8730c8c80 Thread added: 0x000001b8730c8c80
Event: 0.050 Thread 0x000001b8733ac360 Thread added: 0x000001b8733ac360
Event: 0.052 Thread 0x000001b8733acb90 Thread added: 0x000001b8733acb90
Event: 0.181 Thread 0x000001b87346faf0 Thread added: 0x000001b87346faf0
Event: 0.183 Thread 0x000001b873590840 Thread added: 0x000001b873590840
Event: 0.184 Thread 0x000001b873593090 Thread added: 0x000001b873593090
Event: 0.345 Thread 0x000001b8735f6470 Thread added: 0x000001b8735f6470
Event: 0.346 Thread 0x000001b8548acc00 Thread exited: 0x000001b8548acc00
Event: 0.346 Thread 0x000001b8548acc00 Thread added: 0x000001b8548acc00
Event: 0.722 Thread 0x000001b847e4ade0 Thread added: 0x000001b847e4ade0
Event: 7.391 Thread 0x000001b847b13ea0 Thread added: 0x000001b847b13ea0


Dynamic libraries:
0x00007ff6f6e00000 - 0x00007ff6f6e10000 	C:\Program Files\Java\jdk-21\bin\java.exe
0x00007ffb7fdd0000 - 0x00007ffb7ffe7000 	C:\Windows\SYSTEM32\ntdll.dll
0x00007ffb7e990000 - 0x00007ffb7ea54000 	C:\Windows\System32\KERNEL32.DLL
0x00007ffb7d0f0000 - 0x00007ffb7d497000 	C:\Windows\System32\KERNELBASE.dll
0x00007ffb7d7d0000 - 0x00007ffb7d8e1000 	C:\Windows\System32\ucrtbase.dll
0x00007ffb6a5d0000 - 0x00007ffb6a5e9000 	C:\Program Files\Java\jdk-21\bin\jli.dll
0x00007ffb77770000 - 0x00007ffb7778b000 	C:\Program Files\Java\jdk-21\bin\VCRUNTIME140.dll
0x00007ffb7ea60000 - 0x00007ffb7eb12000 	C:\Windows\System32\ADVAPI32.dll
0x00007ffb7db00000 - 0x00007ffb7dba7000 	C:\Windows\System32\msvcrt.dll
0x00007ffb7eda0000 - 0x00007ffb7ee48000 	C:\Windows\System32\sechost.dll
0x00007ffb7d4a0000 - 0x00007ffb7d4c8000 	C:\Windows\System32\bcrypt.dll
0x00007ffb7e600000 - 0x00007ffb7e715000 	C:\Windows\System32\RPCRT4.dll
0x00007ffb7f680000 - 0x00007ffb7f82e000 	C:\Windows\System32\USER32.dll
0x00007ffb7d4d0000 - 0x00007ffb7d4f6000 	C:\Windows\System32\win32u.dll
0x00007ffb64100000 - 0x00007ffb64393000 	C:\Windows\WinSxS\amd64_microsoft.windows.common-controls_6595b64144ccf1df_6.0.22621.3527_none_270e469b73872a76\COMCTL32.dll
0x00007ffb7e4e0000 - 0x00007ffb7e509000 	C:\Windows\System32\GDI32.dll
0x00007ffb7d9e0000 - 0x00007ffb7daf9000 	C:\Windows\System32\gdi32full.dll
0x00007ffb7d500000 - 0x00007ffb7d59a000 	C:\Windows\System32\msvcp_win.dll
0x00007ffb72ee0000 - 0x00007ffb72eea000 	C:\Windows\SYSTEM32\VERSION.dll
0x00007ffb7dbb0000 - 0x00007ffb7dbe1000 	C:\Windows\System32\IMM32.DLL
0x00007ffb7a2b0000 - 0x00007ffb7a2bc000 	C:\Program Files\Java\jdk-21\bin\vcruntime140_1.dll
0x00007ffb62230000 - 0x00007ffb622be000 	C:\Program Files\Java\jdk-21\bin\msvcp140.dll
0x00007ffb2fd80000 - 0x00007ffb30a97000 	C:\Program Files\Java\jdk-21\bin\server\jvm.dll
0x00007ffb7ee50000 - 0x00007ffb7eec1000 	C:\Windows\System32\WS2_32.dll
0x00007ffb7ce00000 - 0x00007ffb7ce4d000 	C:\Windows\SYSTEM32\POWRPROF.dll
0x00007ffb776e0000 - 0x00007ffb77714000 	C:\Windows\SYSTEM32\WINMM.dll
0x00007ffb7cde0000 - 0x00007ffb7cdf3000 	C:\Windows\SYSTEM32\UMPDC.dll
0x00007ffb7c0f0000 - 0x00007ffb7c108000 	C:\Windows\SYSTEM32\kernel.appcore.dll
0x00007ffb792d0000 - 0x00007ffb792da000 	C:\Program Files\Java\jdk-21\bin\jimage.dll
0x00007ffb73620000 - 0x00007ffb73852000 	C:\Windows\SYSTEM32\DBGHELP.DLL
0x00007ffb7f0c0000 - 0x00007ffb7f448000 	C:\Windows\System32\combase.dll
0x00007ffb7fcb0000 - 0x00007ffb7fd87000 	C:\Windows\System32\OLEAUT32.dll
0x00007ffb732b0000 - 0x00007ffb732e2000 	C:\Windows\SYSTEM32\dbgcore.DLL
0x00007ffb7d8f0000 - 0x00007ffb7d969000 	C:\Windows\System32\bcryptPrimitives.dll
0x00007ffb77750000 - 0x00007ffb7776f000 	C:\Program Files\Java\jdk-21\bin\java.dll
0x00007ffb7dbf0000 - 0x00007ffb7e44c000 	C:\Windows\System32\SHELL32.dll
0x00007ffb7afe0000 - 0x00007ffb7b8d6000 	C:\Windows\SYSTEM32\windows.storage.dll
0x00007ffb7aea0000 - 0x00007ffb7afde000 	C:\Windows\SYSTEM32\wintypes.dll
0x00007ffb7f560000 - 0x00007ffb7f655000 	C:\Windows\System32\SHCORE.dll
0x00007ffb7eb20000 - 0x00007ffb7eb7e000 	C:\Windows\System32\shlwapi.dll
0x00007ffb7d020000 - 0x00007ffb7d041000 	C:\Windows\SYSTEM32\profapi.dll
0x00007ffb622c0000 - 0x00007ffb62397000 	C:\Program Files\Java\jdk-21\bin\jsvml.dll
0x00007ffb78ab0000 - 0x00007ffb78ac0000 	C:\Program Files\Java\jdk-21\bin\net.dll
0x00007ffb78c70000 - 0x00007ffb78da6000 	C:\Windows\SYSTEM32\WINHTTP.dll
0x00007ffb7c580000 - 0x00007ffb7c5e9000 	C:\Windows\system32\mswsock.dll
0x00007ffb74970000 - 0x00007ffb74986000 	C:\Program Files\Java\jdk-21\bin\nio.dll
0x00007ffb748f0000 - 0x00007ffb74908000 	C:\Program Files\Java\jdk-21\bin\zip.dll
0x00007ffb3f980000 - 0x00007ffb3fb0f000 	C:\Program Files\Java\jdk-21\bin\awt.dll
0x00007ffb775c0000 - 0x00007ffb77657000 	C:\Windows\SYSTEM32\apphelp.dll
0x00007ffb7a5d0000 - 0x00007ffb7a67b000 	C:\Windows\system32\uxtheme.dll
0x00007ffb7e730000 - 0x00007ffb7e883000 	C:\Windows\System32\MSCTF.dll
0x00007ffb7ebe0000 - 0x00007ffb7ed85000 	C:\Windows\System32\ole32.dll
0x00007ffb7a830000 - 0x00007ffb7a85b000 	C:\Windows\system32\DWMAPI.DLL
0x00007ffb5ab40000 - 0x00007ffb5abc7000 	C:\Program Files\Java\jdk-21\bin\freetype.dll
0x00007ffb3f890000 - 0x00007ffb3f972000 	C:\Program Files\Java\jdk-21\bin\fontmanager.dll
0x00007ffb43430000 - 0x00007ffb43530000 	C:\Windows\system32\opengl32.dll
0x00007ffb72f80000 - 0x00007ffb72fad000 	C:\Windows\SYSTEM32\GLU32.dll
0x00007ffb7a6c0000 - 0x00007ffb7a6f9000 	C:\Windows\SYSTEM32\dxcore.dll
0x00007ffb32630000 - 0x00007ffb327d9000 	C:\Windows\system32\d3d9.dll
0x00007ffb68f70000 - 0x00007ffb6912b000 	C:\Windows\System32\DriverStore\FileRepository\u0399259.inf_amd64_91ce8c34032dc40f\B399013\aticfx64.dll
0x00007ffb2a470000 - 0x00007ffb2c23f000 	C:\Windows\System32\DriverStore\FileRepository\u0399259.inf_amd64_91ce8c34032dc40f\B399013\amdxn64.dll
0x00007ffb7f830000 - 0x00007ffb7fca4000 	C:\Windows\System32\SETUPAPI.dll
0x00007ffb7a720000 - 0x00007ffb7a817000 	C:\Windows\SYSTEM32\dxgi.dll
0x00007ffb66770000 - 0x00007ffb667a5000 	C:\Windows\SYSTEM32\amdihk64.dll
0x00007ffb715d0000 - 0x00007ffb7161a000 	C:\Windows\SYSTEM32\directxdatabasehelper.dll
0x00007ffb694c0000 - 0x00007ffb6960b000 	C:\Windows\SYSTEM32\textinputframework.dll
0x00007ffb530d0000 - 0x00007ffb53514000 	C:\Windows\SYSTEM32\uiautomationcore.dll
0x00007ffb72f00000 - 0x00007ffb72f69000 	C:\Windows\SYSTEM32\OLEACC.dll
0x00007ffb7e8e0000 - 0x00007ffb7e990000 	C:\Windows\System32\clbcatq.dll
0x00007ffb73080000 - 0x00007ffb73095000 	C:\Windows\System32\threadpoolwinrt.dll
0x00007ffb76de0000 - 0x00007ffb76f13000 	C:\Windows\SYSTEM32\CoreMessaging.dll
0x00007ffb6ddb0000 - 0x00007ffb6e11c000 	C:\Windows\SYSTEM32\CoreUIComponents.dll
0x00007ffb7cdb0000 - 0x00007ffb7cdbc000 	C:\Windows\SYSTEM32\CRYPTBASE.DLL

dbghelp: loaded successfully - version: 4.0.5 - missing functions: none
symbol engine: initialized successfully - sym options: 0x614 - pdb path: .;C:\Program Files\Java\jdk-21\bin;C:\Windows\SYSTEM32;C:\Windows\WinSxS\amd64_microsoft.windows.common-controls_6595b64144ccf1df_6.0.22621.3527_none_270e469b73872a76;C:\Program Files\Java\jdk-21\bin\server;C:\Windows\System32\DriverStore\FileRepository\u0399259.inf_amd64_91ce8c34032dc40f\B399013

VM Arguments:
java_command: sistemaEmprestimoGUI.registroEmprestimo
java_class_path (initial): C:\Users\maria\Documents\repositoriosGit\ProjetoA3SQL\target\classes;C:\Users\maria\.m2\repository\com\mysql\mysql-connector-j\8.0.33\mysql-connector-j-8.0.33.jar;C:\Users\maria\.m2\repository\com\google\protobuf\protobuf-java\3.21.9\protobuf-java-3.21.9.jar
Launcher Type: SUN_STANDARD

[Global flags]
     intx CICompilerCount                          = 4                                         {product} {ergonomic}
     uint ConcGCThreads                            = 2                                         {product} {ergonomic}
     uint G1ConcRefinementThreads                  = 8                                         {product} {ergonomic}
   size_t G1HeapRegionSize                         = 1048576                                   {product} {ergonomic}
    uintx GCDrainStackTargetSize                   = 64                                        {product} {ergonomic}
   size_t InitialHeapSize                          = 121634816                                 {product} {ergonomic}
   size_t MarkStackSize                            = 4194304                                   {product} {ergonomic}
   size_t MaxHeapSize                              = 1944059904                                {product} {ergonomic}
   size_t MaxNewSize                               = 1166016512                                {product} {ergonomic}
   size_t MinHeapDeltaBytes                        = 1048576                                   {product} {ergonomic}
   size_t MinHeapSize                              = 8388608                                   {product} {ergonomic}
    uintx NonNMethodCodeHeapSize                   = 5839372                                {pd product} {ergonomic}
    uintx NonProfiledCodeHeapSize                  = 122909434                              {pd product} {ergonomic}
    uintx ProfiledCodeHeapSize                     = 122909434                              {pd product} {ergonomic}
    uintx ReservedCodeCacheSize                    = 251658240                              {pd product} {ergonomic}
     bool SegmentedCodeCache                       = true                                      {product} {ergonomic}
   size_t SoftMaxHeapSize                          = 1944059904                             {manageable} {ergonomic}
     bool UseCompressedOops                        = true                           {product lp64_product} {ergonomic}
     bool UseG1GC                                  = true                                      {product} {ergonomic}
     bool UseLargePagesIndividualAllocation        = false                                  {pd product} {ergonomic}

Logging:
Log output configuration:
 #0: stdout all=warning uptime,level,tags foldmultilines=false
 #1: stderr all=off uptime,level,tags foldmultilines=false

Environment Variables:
JAVA_HOME=C:\Program Files\Java\jdk-21
PATH=C:\Program Files\Common Files\Oracle\Java\javapath;C:\Windows\system32;C:\Windows;C:\Windows\System32\Wbem;C:\Windows\System32\WindowsPowerShell\v1.0\;C:\Windows\System32\OpenSSH\;C:\Program Files\Wondershare\Wondershare DemoCreator;C:\Program Files\Git\cmd;C:\Users\maria\AppData\Local\Microsoft\WindowsApps;C:\Users\maria\AppData\Local\Programs\Microsoft VS Code\bin;C:\Users\maria\AppData\Local\GitHubDesktop\bin
USERNAME=maria
OS=Windows_NT
PROCESSOR_IDENTIFIER=AMD64 Family 23 Model 160 Stepping 0, AuthenticAMD
TMP=C:\Users\maria\AppData\Local\Temp
TEMP=C:\Users\maria\AppData\Local\Temp




Periodic native trim disabled

---------------  S Y S T E M  ---------------

OS:
 Windows 11 , 64 bit Build 22621 (10.0.22621.3527)
OS uptime: 2 days 13:15 hours
Hyper-V role detected

CPU: total 8 (initial active 8) (8 cores per cpu, 2 threads per core) family 23 model 160 stepping 0 microcode 0x0, cx8, cmov, fxsr, ht, mmx, 3dnowpref, sse, sse2, sse3, ssse3, sse4a, sse4.1, sse4.2, popcnt, lzcnt, tsc, tscinvbit, avx, avx2, aes, clmul, bmi1, bmi2, adx, sha, fma, vzeroupper, clflush, clflushopt, hv, rdtscp, rdpid, f16c
Processor Information for processor 0
  Max Mhz: 2801, Current Mhz: 2801, Mhz Limit: 2801
Processor Information for processor 1
  Max Mhz: 2801, Current Mhz: 1981, Mhz Limit: 2801
Processor Information for processor 2
  Max Mhz: 2801, Current Mhz: 2801, Mhz Limit: 2801
Processor Information for processor 3
  Max Mhz: 2801, Current Mhz: 2801, Mhz Limit: 2801
Processor Information for processor 4
  Max Mhz: 2801, Current Mhz: 2801, Mhz Limit: 2801
Processor Information for processor 5
  Max Mhz: 2801, Current Mhz: 2801, Mhz Limit: 2801
Processor Information for processor 6
  Max Mhz: 2801, Current Mhz: 1981, Mhz Limit: 2801
Processor Information for processor 7
  Max Mhz: 2801, Current Mhz: 2801, Mhz Limit: 2801

Memory: 4k page, system-wide physical 7413M (523M free)
TotalPageFile size 29941M (AvailPageFile size 0M)
current process WorkingSet (physical memory assigned to process): 43M, peak: 120M
current process commit charge ("private bytes"): 291M, peak: 300M

vm_info: Java HotSpot(TM) 64-Bit Server VM (21.0.2+13-LTS-58) for windows-amd64 JRE (21.0.2+13-LTS-58), built on 2024-01-05T18:32:24Z by "mach5one" with MS VC++ 17.1 (VS2022)

END.
